This is pdfTeX, Version 3.1415926-2.5-1.40.14 (MiKTeX 2.9) (preloaded format=pdflatex 2015.1.9)  9 MAY 2017 18:09
entering extended mode
**main.tex
(C:\Users\Erik\Downloads\MasterThesis\main.tex
LaTeX2e <2014/05/01>
Babel <3.9l> and hyphenation patterns for 68 languages loaded.
(C:\Users\Erik\Downloads\MasterThesis\kth-mag.cls
Document Class: kth-mag 2004/12/14 v2.1 Document Class for KTH Theses
("C:\Program Files (x86)\MiKTeX 2.9\tex\latex\memoir\memoir.cls"
Document Class: memoir 2016/05/16 v3.7f configurable book, report, article docu
ment class
\onelineskip=\skip41
\lxvchars=\skip42
\xlvchars=\skip43
\@memcnta=\count79
\c@@memmarkcntra=\count80
\l@nohyphenation=\language69
("C:\Program Files (x86)\MiKTeX 2.9\tex\generic\oberdiek\ifpdf.sty"
Package: ifpdf 2011/01/30 v2.3 Provides the ifpdf switch (HO)
Package ifpdf Info: pdfTeX in PDF mode is detected.
)
("C:\Program Files (x86)\MiKTeX 2.9\tex\latex\ifetex\ifetex.sty"
Package: ifetex 2011/12/15 v1.2 ifetex

("C:\Program Files (x86)\MiKTeX 2.9\tex\plain\ifetex\ifetex.tex"))
("C:\Program Files (x86)\MiKTeX 2.9\tex\generic\ifxetex\ifxetex.sty"
Package: ifxetex 2010/09/12 v0.6 Provides ifxetex conditional
)
("C:\Program Files (x86)\MiKTeX 2.9\tex\generic\oberdiek\ifluatex.sty"
Package: ifluatex 2010/03/01 v1.3 Provides the ifluatex switch (HO)
Package ifluatex Info: LuaTeX not detected.
)
\stockheight=\skip44
\stockwidth=\skip45
\trimtop=\skip46
\trimedge=\skip47

("C:\Program Files (x86)\MiKTeX 2.9\tex\latex\misc\etex.sty"
Package: etex 1998/03/26 v2.0 eTeX basic definition package (PEB)
\et@xins=\count81
)
("C:\Program Files (x86)\MiKTeX 2.9\tex\latex\memoir\mem11.clo"
File: mem11.clo 2008/01/30 v0.3 memoir class 11pt size option
)
\binding=\skip48
\spinemargin=\skip49
\foremargin=\skip50
\uppermargin=\skip51
\lowermargin=\skip52
\headdrop=\skip53
\normalrulethickness=\skip54
\mem@maxheadheight=\skip55
\mem@maxfootheight=\skip56
\headwidth=\skip57
\c@storedpagenumber=\count82
\memPD=\dimen102
\m@mabparskip=\skip58
\thanksmarkwidth=\skip59
\thanksmarksep=\skip60
\droptitle=\skip61
\c@book=\count83
\c@part=\count84
\c@chapter=\count85
\c@section=\count86
\c@subsection=\count87
\c@subsubsection=\count88
\c@paragraph=\count89
\c@subparagraph=\count90
\beforechapskip=\skip62
\midchapskip=\skip63
\afterchapskip=\skip64
\chapindent=\skip65
\bottomsectionskip=\skip66
\secindent=\skip67
\beforesecskip=\skip68
\aftersecskip=\skip69
\subsecindent=\skip70
\beforesubsecskip=\skip71
\aftersubsecskip=\skip72
\subsubsecindent=\skip73
\beforesubsubsecskip=\skip74
\aftersubsubsecskip=\skip75
\paraindent=\skip76
\beforeparaskip=\skip77
\afterparaskip=\skip78
\subparaindent=\skip79
\beforesubparaskip=\skip80
\aftersubparaskip=\skip81
\pfbreakskip=\skip82
\c@@ppsavesec=\count91
\c@@ppsaveapp=\count92
\ragrparindent=\dimen103
\everylistparindent=\dimen104
\parsepi=\skip83
\topsepi=\skip84
\itemsepi=\skip85
\parsepii=\skip86
\topsepii=\skip87
\topsepiii=\skip88
\itemsepii=\skip89
\itemsepiii=\skip90
\partopsepii=\skip91
\partopsepiii=\skip92
\m@msavetopsep=\skip93
\m@msavepartopsep=\skip94
\@enLab=\toks14
\abstitleskip=\skip95
\absleftindent=\skip96
\abs@leftindent=\dimen105
\absrightindent=\skip97
\absparindent=\skip98
\absparsep=\skip99
\c@vslineno=\count93
\c@poemline=\count94
\c@modulo@vs=\count95
\c@memfvsline=\count96
\vleftskip=\skip100
\vrightskip=\skip101
\stanzaskip=\skip102
\versewidth=\skip103
\vgap=\skip104
\vindent=\skip105
\vleftmargin=\dimen106
\c@verse=\count97
\c@chrsinstr=\count98
\beforepoemtitleskip=\skip106
\afterpoemtitleskip=\skip107
\c@poem=\count99
\beforePoemTitleskip=\skip108
\midPoemTitleskip=\skip109
\afterPoemTitleskip=\skip110
\col@sep=\dimen107
\extrarowheight=\dimen108
\NC@list=\toks15
\extratabsurround=\skip111
\backup@length=\skip112
\TX@col@width=\dimen109
\TX@old@table=\dimen110
\TX@old@col=\dimen111
\TX@target=\dimen112
\TX@delta=\dimen113
\TX@cols=\count100
\TX@ftn=\toks16
\heavyrulewidth=\dimen114
\lightrulewidth=\dimen115
\cmidrulewidth=\dimen116
\belowrulesep=\dimen117
\belowbottomsep=\dimen118
\aboverulesep=\dimen119
\abovetopsep=\dimen120
\cmidrulesep=\dimen121
\cmidrulekern=\dimen122
\defaultaddspace=\dimen123
\@cmidla=\count101
\@cmidlb=\count102
\@aboverulesep=\dimen124
\@belowrulesep=\dimen125
\@thisruleclass=\count103
\@lastruleclass=\count104
\@thisrulewidth=\dimen126
\ctableftskip=\skip113
\ctabrightskip=\skip114
\abovecolumnspenalty=\count105
\@linestogo=\count106
\@cellstogo=\count107
\@cellsincolumn=\count108
\crtok=\toks17
\@mincolumnwidth=\dimen127
\c@newflo@tctr=\count109
\mem@margin@floatbox=\box26
\@contcwidth=\skip115
\@contindw=\skip116
\abovecaptionskip=\skip117
\belowcaptionskip=\skip118
\subfloattopskip=\skip119
\subfloatcapskip=\skip120
\subfloatcaptopadj=\skip121
\subfloatbottomskip=\skip122
\subfloatlabelskip=\skip123
\subfloatcapmargin=\dimen128
\c@@contsubnum=\count110
\m@mscap@capbox=\box27
\m@mscap@fbox=\box28
\sidecapsep=\dimen129
\sidecapwidth=\dimen130
\m@m@tempdima=\dimen131
\m@mscapraise=\dimen132
\sidecapraise=\dimen133
\m@mscapmainwidth=\dimen134
\m@mscaplkern=\dimen135
\beforeepigraphskip=\skip124
\afterepigraphskip=\skip125
\epigraphwidth=\skip126
\epigraphrule=\skip127
LaTeX Info: Redefining \em on input line 7551.
LaTeX Info: Redefining \emph on input line 7559.
\tocentryskip=\skip128
\tocbaseline=\skip129
\cftparskip=\skip130
\cftbeforebookskip=\skip131
\cftbookindent=\dimen136
\cftbooknumwidth=\dimen137
\cftbeforepartskip=\skip132
\cftpartindent=\skip133
\cftpartnumwidth=\skip134
\cftbeforechapterskip=\skip135
\cftchapterindent=\skip136
\cftchapternumwidth=\skip137
\cftbeforesectionskip=\skip138
\cftsectionindent=\skip139
\cftsectionnumwidth=\skip140
\cftbeforesubsectionskip=\skip141
\cftsubsectionindent=\skip142
\cftsubsectionnumwidth=\skip143
\cftbeforesubsubsectionskip=\skip144
\cftsubsubsectionindent=\skip145
\cftsubsubsectionnumwidth=\skip146
\cftbeforeparagraphskip=\skip147
\cftparagraphindent=\skip148
\cftparagraphnumwidth=\skip149
\cftbeforesubparagraphskip=\skip150
\cftsubparagraphindent=\skip151
\cftsubparagraphnumwidth=\skip152
\prechapterprecisshift=\dimen138
\c@maxsecnumdepth=\count111
\bibindent=\dimen139
\bibitemsep=\skip153
\indexcolsep=\skip154
\indexrule=\skip155
\indexmarkstyle=\toks18
\@indexbox=\insert233
\glossarycolsep=\dimen140
\glossaryrule=\dimen141
\sideparvshift=\skip156
\sideins=\insert232
\sidebartopsep=\skip157
\sidebarhsep=\skip158
\sidebarvsep=\skip159
\sidebarwidth=\skip160
\footmarkwidth=\skip161
\footmarksep=\skip162
\footparindent=\skip163
\footinsdim=\skip164
\footinsv@r=\insert231
\@mpfootinsv@r=\insert230
\m@m@k=\count112
\m@m@h=\dimen142
\m@mipn@skip=\skip165
\sidefootins=\insert229
\sidefootadjust=\skip166
\sidefootheight=\skip167
\sidefoothsep=\skip168
\sidefootvsep=\skip169
\sidefootwidth=\skip170
\m@mdownsf=\skip171
\c@sidefootnote=\count113
\sidefootmarkwidth=\skip172
\sidefootmarksep=\skip173
\sidefootparindent=\skip174
\c@pagenote=\count114
\c@pagenoteshadow=\count115
\mem@pn@lastkern=\skip175
\every@verbatim=\toks19
\afterevery@verbatim=\toks20
\verbatim@line=\toks21
\tab@position=\count116
\verbatim@in@stream=\read1
\verbatimindent=\skip176
\verbatim@out=\write3
\bvboxsep=\skip177
\c@memfbvline=\count117
\c@bvlinectr=\count118
\bvnumlength=\skip178
\fb@frw=\dimen143
\fb@frh=\dimen144
\FrameRule=\dimen145
\FrameSep=\dimen146
\c@cp@cntr=\count119
LaTeX Info: Redefining \: on input line 12068.
LaTeX Info: Redefining \! on input line 12070.
\c@ism@mctr=\count120
\c@xsm@mctr=\count121
\c@csm@mctr=\count122
\c@ksm@mctr=\count123
\c@xksm@mctr=\count124
\c@cksm@mctr=\count125
\c@msm@mctr=\count126
\c@xmsm@mctr=\count127
\c@cmsm@mctr=\count128
\c@bsm@mctr=\count129
\c@workm@mctr=\count130
\c@sheetsequence=\count131
\c@lastsheet=\count132
\c@lastpage=\count133
\c@figure=\count134
\c@lofdepth=\count135
\cftbeforefigureskip=\skip179
\cftfigureindent=\skip180
\cftfigurenumwidth=\skip181
\c@table=\count136
\c@lotdepth=\count137
\cftbeforetableskip=\skip182
\cfttableindent=\skip183
\cfttablenumwidth=\skip184
Package abstract [2008/07/23] emulated by memoir.
Package appendix [2008/07/23] emulated by memoir.
Package array [2008/09/09] emulated by memoir.
Package booktabs [2016/05/16] emulated by memoir.
Package ccaption [2008/07/23] emulated by memoir.
Package changepage [2008/07/23] emulated by memoir.
Package chngcntr [2008/07/23] emulated by memoir.
Package chngpage [2008/07/23] emulated by memoir.
Package crop emulated by memoir.
Package dcolumn [2008/07/23] emulated by memoir.
Package delarray [2008/07/23] emulated by memoir.
Package enumerate [2008/07/23] emulated by memoir.
Package epigraph [2008/07/23] emulated by memoir.
Package ifmtarg [2008/07/23] emulated by memoir.
Package index [2008/07/23] emulated by memoir.
Package makeidx [2008/07/23] emulated by memoir.
Package moreverb [2008/07/23] emulated by memoir.
Package mparhack [2008/07/23] emulated by memoir.
Package needspace [2008/07/23] emulated by memoir.
Package newfile [2008/07/23] emulated by memoir.
Package nextpage [2008/07/23] emulated by memoir.
Package pagenote [2008/07/23] emulated by memoir.
Package parskip [2008/07/23] emulated by memoir.
Package patchcmd [2008/07/23] emulated by memoir.
Package setspace [2008/07/23] emulated by memoir.
Package shortvrb [2008/07/23] emulated by memoir.
Package showidx [2008/07/23] emulated by memoir.
Package tabularx [2008/07/23] emulated by memoir.
Package titleref [2008/07/23] emulated by memoir.
Package titling [2008/07/23] emulated by memoir.
Package tocbibind [2008/07/23] emulated by memoir.
Package tocloft [2008/07/23] emulated by memoir.
Package tocvsec2 [2008/07/23] emulated by memoir.
Package verbatim [2008/07/23] emulated by memoir.
Package verse [2008/07/23] emulated by memoir.

("C:\Program Files (x86)\MiKTeX 2.9\tex\latex\memoir\mempatch.sty"
Package: mempatch 2009/07/24 v6.0f Patches for memoir class v1.6180339
))

******************************************************
Stock height and width: 845.04684pt by 597.50787pt
Top and edge trims: 0pt and 0pt
Page height and width: 845.04684pt by 597.50787pt
Text height and width: 595.80026pt by 396pt
Spine and edge margins: 100.75394pt and 100.75394pt
Upper and lower margins: 128.52342pt and 120.72316pt
Headheight and headsep: 13.6pt and 19.8738pt
Footskip: 27.46295pt
Columnsep and columnseprule: 10pt and 0pt
Marginparsep and marginparwidth: 7pt and 86.75394pt
Sidecapsep and sidecapwidth: 7pt and 101pt
Sidebarhsep and sidebarwidth: 7pt and 101pt
Sidebarvsep and sidebartopsep: 13.6pt and 0pt
Sidebarheight: 594.32022pt
Sidefoothsep and sidefootwidth: 7pt and 101pt
Sidefootvsep and sidefootheight: 13.6pt and 594.32022pt
******************************************************

) ("C:\Program Files (x86)\MiKTeX 2.9\tex\latex\base\inputenc.sty"
Package: inputenc 2014/04/30 v1.2b Input encoding file
\inpenc@prehook=\toks22
\inpenc@posthook=\toks23

("C:\Program Files (x86)\MiKTeX 2.9\tex\latex\base\utf8.def"
File: utf8.def 2014/09/29 v1.1m UTF-8 support for inputenc
Now handling font encoding OML ...
... no UTF-8 mapping file for font encoding OML
Now handling font encoding T1 ...
... processing UTF-8 mapping file for font encoding T1

("C:\Program Files (x86)\MiKTeX 2.9\tex\latex\base\t1enc.dfu"
File: t1enc.dfu 2014/09/29 v1.1m UTF-8 support for inputenc
   defining Unicode char U+00A1 (decimal 161)
   defining Unicode char U+00A3 (decimal 163)
   defining Unicode char U+00AB (decimal 171)
   defining Unicode char U+00BB (decimal 187)
   defining Unicode char U+00BF (decimal 191)
   defining Unicode char U+00C0 (decimal 192)
   defining Unicode char U+00C1 (decimal 193)
   defining Unicode char U+00C2 (decimal 194)
   defining Unicode char U+00C3 (decimal 195)
   defining Unicode char U+00C4 (decimal 196)
   defining Unicode char U+00C5 (decimal 197)
   defining Unicode char U+00C6 (decimal 198)
   defining Unicode char U+00C7 (decimal 199)
   defining Unicode char U+00C8 (decimal 200)
   defining Unicode char U+00C9 (decimal 201)
   defining Unicode char U+00CA (decimal 202)
   defining Unicode char U+00CB (decimal 203)
   defining Unicode char U+00CC (decimal 204)
   defining Unicode char U+00CD (decimal 205)
   defining Unicode char U+00CE (decimal 206)
   defining Unicode char U+00CF (decimal 207)
   defining Unicode char U+00D0 (decimal 208)
   defining Unicode char U+00D1 (decimal 209)
   defining Unicode char U+00D2 (decimal 210)
   defining Unicode char U+00D3 (decimal 211)
   defining Unicode char U+00D4 (decimal 212)
   defining Unicode char U+00D5 (decimal 213)
   defining Unicode char U+00D6 (decimal 214)
   defining Unicode char U+00D8 (decimal 216)
   defining Unicode char U+00D9 (decimal 217)
   defining Unicode char U+00DA (decimal 218)
   defining Unicode char U+00DB (decimal 219)
   defining Unicode char U+00DC (decimal 220)
   defining Unicode char U+00DD (decimal 221)
   defining Unicode char U+00DE (decimal 222)
   defining Unicode char U+00DF (decimal 223)
   defining Unicode char U+00E0 (decimal 224)
   defining Unicode char U+00E1 (decimal 225)
   defining Unicode char U+00E2 (decimal 226)
   defining Unicode char U+00E3 (decimal 227)
   defining Unicode char U+00E4 (decimal 228)
   defining Unicode char U+00E5 (decimal 229)
   defining Unicode char U+00E6 (decimal 230)
   defining Unicode char U+00E7 (decimal 231)
   defining Unicode char U+00E8 (decimal 232)
   defining Unicode char U+00E9 (decimal 233)
   defining Unicode char U+00EA (decimal 234)
   defining Unicode char U+00EB (decimal 235)
   defining Unicode char U+00EC (decimal 236)
   defining Unicode char U+00ED (decimal 237)
   defining Unicode char U+00EE (decimal 238)
   defining Unicode char U+00EF (decimal 239)
   defining Unicode char U+00F0 (decimal 240)
   defining Unicode char U+00F1 (decimal 241)
   defining Unicode char U+00F2 (decimal 242)
   defining Unicode char U+00F3 (decimal 243)
   defining Unicode char U+00F4 (decimal 244)
   defining Unicode char U+00F5 (decimal 245)
   defining Unicode char U+00F6 (decimal 246)
   defining Unicode char U+00F8 (decimal 248)
   defining Unicode char U+00F9 (decimal 249)
   defining Unicode char U+00FA (decimal 250)
   defining Unicode char U+00FB (decimal 251)
   defining Unicode char U+00FC (decimal 252)
   defining Unicode char U+00FD (decimal 253)
   defining Unicode char U+00FE (decimal 254)
   defining Unicode char U+00FF (decimal 255)
   defining Unicode char U+0102 (decimal 258)
   defining Unicode char U+0103 (decimal 259)
   defining Unicode char U+0104 (decimal 260)
   defining Unicode char U+0105 (decimal 261)
   defining Unicode char U+0106 (decimal 262)
   defining Unicode char U+0107 (decimal 263)
   defining Unicode char U+010C (decimal 268)
   defining Unicode char U+010D (decimal 269)
   defining Unicode char U+010E (decimal 270)
   defining Unicode char U+010F (decimal 271)
   defining Unicode char U+0110 (decimal 272)
   defining Unicode char U+0111 (decimal 273)
   defining Unicode char U+0118 (decimal 280)
   defining Unicode char U+0119 (decimal 281)
   defining Unicode char U+011A (decimal 282)
   defining Unicode char U+011B (decimal 283)
   defining Unicode char U+011E (decimal 286)
   defining Unicode char U+011F (decimal 287)
   defining Unicode char U+0130 (decimal 304)
   defining Unicode char U+0131 (decimal 305)
   defining Unicode char U+0132 (decimal 306)
   defining Unicode char U+0133 (decimal 307)
   defining Unicode char U+0139 (decimal 313)
   defining Unicode char U+013A (decimal 314)
   defining Unicode char U+013D (decimal 317)
   defining Unicode char U+013E (decimal 318)
   defining Unicode char U+0141 (decimal 321)
   defining Unicode char U+0142 (decimal 322)
   defining Unicode char U+0143 (decimal 323)
   defining Unicode char U+0144 (decimal 324)
   defining Unicode char U+0147 (decimal 327)
   defining Unicode char U+0148 (decimal 328)
   defining Unicode char U+014A (decimal 330)
   defining Unicode char U+014B (decimal 331)
   defining Unicode char U+0150 (decimal 336)
   defining Unicode char U+0151 (decimal 337)
   defining Unicode char U+0152 (decimal 338)
   defining Unicode char U+0153 (decimal 339)
   defining Unicode char U+0154 (decimal 340)
   defining Unicode char U+0155 (decimal 341)
   defining Unicode char U+0158 (decimal 344)
   defining Unicode char U+0159 (decimal 345)
   defining Unicode char U+015A (decimal 346)
   defining Unicode char U+015B (decimal 347)
   defining Unicode char U+015E (decimal 350)
   defining Unicode char U+015F (decimal 351)
   defining Unicode char U+0160 (decimal 352)
   defining Unicode char U+0161 (decimal 353)
   defining Unicode char U+0162 (decimal 354)
   defining Unicode char U+0163 (decimal 355)
   defining Unicode char U+0164 (decimal 356)
   defining Unicode char U+0165 (decimal 357)
   defining Unicode char U+016E (decimal 366)
   defining Unicode char U+016F (decimal 367)
   defining Unicode char U+0170 (decimal 368)
   defining Unicode char U+0171 (decimal 369)
   defining Unicode char U+0178 (decimal 376)
   defining Unicode char U+0179 (decimal 377)
   defining Unicode char U+017A (decimal 378)
   defining Unicode char U+017B (decimal 379)
   defining Unicode char U+017C (decimal 380)
   defining Unicode char U+017D (decimal 381)
   defining Unicode char U+017E (decimal 382)
   defining Unicode char U+200C (decimal 8204)
   defining Unicode char U+2013 (decimal 8211)
   defining Unicode char U+2014 (decimal 8212)
   defining Unicode char U+2018 (decimal 8216)
   defining Unicode char U+2019 (decimal 8217)
   defining Unicode char U+201A (decimal 8218)
   defining Unicode char U+201C (decimal 8220)
   defining Unicode char U+201D (decimal 8221)
   defining Unicode char U+201E (decimal 8222)
   defining Unicode char U+2030 (decimal 8240)
   defining Unicode char U+2031 (decimal 8241)
   defining Unicode char U+2039 (decimal 8249)
   defining Unicode char U+203A (decimal 8250)
   defining Unicode char U+2423 (decimal 9251)
)
Now handling font encoding OT1 ...
... processing UTF-8 mapping file for font encoding OT1

("C:\Program Files (x86)\MiKTeX 2.9\tex\latex\base\ot1enc.dfu"
File: ot1enc.dfu 2014/09/29 v1.1m UTF-8 support for inputenc
   defining Unicode char U+00A1 (decimal 161)
   defining Unicode char U+00A3 (decimal 163)
   defining Unicode char U+00B8 (decimal 184)
   defining Unicode char U+00BF (decimal 191)
   defining Unicode char U+00C5 (decimal 197)
   defining Unicode char U+00C6 (decimal 198)
   defining Unicode char U+00D8 (decimal 216)
   defining Unicode char U+00DF (decimal 223)
   defining Unicode char U+00E6 (decimal 230)
   defining Unicode char U+00EC (decimal 236)
   defining Unicode char U+00ED (decimal 237)
   defining Unicode char U+00EE (decimal 238)
   defining Unicode char U+00EF (decimal 239)
   defining Unicode char U+00F8 (decimal 248)
   defining Unicode char U+0131 (decimal 305)
   defining Unicode char U+0141 (decimal 321)
   defining Unicode char U+0142 (decimal 322)
   defining Unicode char U+0152 (decimal 338)
   defining Unicode char U+0153 (decimal 339)
   defining Unicode char U+2013 (decimal 8211)
   defining Unicode char U+2014 (decimal 8212)
   defining Unicode char U+2018 (decimal 8216)
   defining Unicode char U+2019 (decimal 8217)
   defining Unicode char U+201C (decimal 8220)
   defining Unicode char U+201D (decimal 8221)
)
Now handling font encoding OMS ...
... processing UTF-8 mapping file for font encoding OMS

("C:\Program Files (x86)\MiKTeX 2.9\tex\latex\base\omsenc.dfu"
File: omsenc.dfu 2014/09/29 v1.1m UTF-8 support for inputenc
   defining Unicode char U+00A7 (decimal 167)
   defining Unicode char U+00B6 (decimal 182)
   defining Unicode char U+00B7 (decimal 183)
   defining Unicode char U+2020 (decimal 8224)
   defining Unicode char U+2021 (decimal 8225)
   defining Unicode char U+2022 (decimal 8226)
)
Now handling font encoding OMX ...
... no UTF-8 mapping file for font encoding OMX
Now handling font encoding U ...
... no UTF-8 mapping file for font encoding U
   defining Unicode char U+00A9 (decimal 169)
   defining Unicode char U+00AA (decimal 170)
   defining Unicode char U+00AE (decimal 174)
   defining Unicode char U+00BA (decimal 186)
   defining Unicode char U+02C6 (decimal 710)
   defining Unicode char U+02DC (decimal 732)
   defining Unicode char U+200C (decimal 8204)
   defining Unicode char U+2026 (decimal 8230)
   defining Unicode char U+2122 (decimal 8482)
   defining Unicode char U+2423 (decimal 9251)
))
("C:\Program Files (x86)\MiKTeX 2.9\tex\latex\graphics\graphicx.sty"
Package: graphicx 2014/10/28 v1.0g Enhanced LaTeX Graphics (DPC,SPQR)

("C:\Program Files (x86)\MiKTeX 2.9\tex\latex\graphics\keyval.sty"
Package: keyval 2014/10/28 v1.15 key=value parser (DPC)
\KV@toks@=\toks24
)
("C:\Program Files (x86)\MiKTeX 2.9\tex\latex\graphics\graphics.sty"
Package: graphics 2014/10/28 v1.0p Standard LaTeX Graphics (DPC,SPQR)

("C:\Program Files (x86)\MiKTeX 2.9\tex\latex\graphics\trig.sty"
Package: trig 1999/03/16 v1.09 sin cos tan (DPC)
)
("C:\Program Files (x86)\MiKTeX 2.9\tex\latex\00miktex\graphics.cfg"
File: graphics.cfg 2007/01/18 v1.5 graphics configuration of teTeX/TeXLive
)
Package graphics Info: Driver file: pdftex.def on input line 91.

("C:\Program Files (x86)\MiKTeX 2.9\tex\latex\pdftex-def\pdftex.def"
File: pdftex.def 2011/05/27 v0.06d Graphics/color for pdfTeX

("C:\Program Files (x86)\MiKTeX 2.9\tex\generic\oberdiek\infwarerr.sty"
Package: infwarerr 2010/04/08 v1.3 Providing info/warning/error messages (HO)
)
("C:\Program Files (x86)\MiKTeX 2.9\tex\generic\oberdiek\ltxcmds.sty"
Package: ltxcmds 2011/11/09 v1.22 LaTeX kernel commands for general use (HO)
)
\Gread@gobject=\count138
))
\Gin@req@height=\dimen147
\Gin@req@width=\dimen148
)
("C:\Program Files (x86)\MiKTeX 2.9\tex\latex\oberdiek\epstopdf.sty"
Package: epstopdf 2010/02/09 v2.5 Conversion with epstopdf on the fly (HO)

("C:\Program Files (x86)\MiKTeX 2.9\tex\latex\oberdiek\epstopdf-base.sty"
Package: epstopdf-base 2010/02/09 v2.5 Base part for package epstopdf

("C:\Program Files (x86)\MiKTeX 2.9\tex\latex\oberdiek\grfext.sty"
Package: grfext 2010/08/19 v1.1 Manage graphics extensions (HO)

("C:\Program Files (x86)\MiKTeX 2.9\tex\generic\oberdiek\kvdefinekeys.sty"
Package: kvdefinekeys 2011/04/07 v1.3 Define keys (HO)
))
("C:\Program Files (x86)\MiKTeX 2.9\tex\latex\oberdiek\kvoptions.sty"
Package: kvoptions 2011/06/30 v3.11 Key value format for package options (HO)

("C:\Program Files (x86)\MiKTeX 2.9\tex\generic\oberdiek\kvsetkeys.sty"
Package: kvsetkeys 2012/04/25 v1.16 Key value parser (HO)

("C:\Program Files (x86)\MiKTeX 2.9\tex\generic\oberdiek\etexcmds.sty"
Package: etexcmds 2011/02/16 v1.5 Avoid name clashes with e-TeX commands (HO)
Package etexcmds Info: Could not find \expanded.
(etexcmds)             That can mean that you are not using pdfTeX 1.50 or
(etexcmds)             that some package has redefined \expanded.
(etexcmds)             In the latter case, load this package earlier.
)))
("C:\Program Files (x86)\MiKTeX 2.9\tex\generic\oberdiek\pdftexcmds.sty"
Package: pdftexcmds 2011/11/29 v0.20 Utility functions of pdfTeX for LuaTeX (HO
)
Package pdftexcmds Info: LuaTeX not detected.
Package pdftexcmds Info: \pdf@primitive is available.
Package pdftexcmds Info: \pdf@ifprimitive is available.
Package pdftexcmds Info: \pdfdraftmode found.
)
Package grfext Info: Graphics extension search list:
(grfext)             [.png,.pdf,.jpg,.mps,.jpeg,.jbig2,.jb2,.PNG,.PDF,.JPG,.JPE
G,.JBIG2,.JB2,.eps]
(grfext)             \AppendGraphicsExtensions on input line 452.
))
("C:\Program Files (x86)\MiKTeX 2.9\tex\latex\amsmath\amsmath.sty"
Package: amsmath 2013/01/14 v2.14 AMS math features
\@mathmargin=\skip185

For additional information on amsmath, use the `?' option.
("C:\Program Files (x86)\MiKTeX 2.9\tex\latex\amsmath\amstext.sty"
Package: amstext 2000/06/29 v2.01

("C:\Program Files (x86)\MiKTeX 2.9\tex\latex\amsmath\amsgen.sty"
File: amsgen.sty 1999/11/30 v2.0
\@emptytoks=\toks25
\ex@=\dimen149
))
("C:\Program Files (x86)\MiKTeX 2.9\tex\latex\amsmath\amsbsy.sty"
Package: amsbsy 1999/11/29 v1.2d
\pmbraise@=\dimen150
)
("C:\Program Files (x86)\MiKTeX 2.9\tex\latex\amsmath\amsopn.sty"
Package: amsopn 1999/12/14 v2.01 operator names
)
\inf@bad=\count139
LaTeX Info: Redefining \frac on input line 210.
\uproot@=\count140
\leftroot@=\count141
LaTeX Info: Redefining \overline on input line 306.
\classnum@=\count142
\DOTSCASE@=\count143
LaTeX Info: Redefining \ldots on input line 378.
LaTeX Info: Redefining \dots on input line 381.
LaTeX Info: Redefining \cdots on input line 466.
\Mathstrutbox@=\box29
\strutbox@=\box30
\big@size=\dimen151
LaTeX Font Info:    Redeclaring font encoding OML on input line 566.
LaTeX Font Info:    Redeclaring font encoding OMS on input line 567.
\macc@depth=\count144
\c@MaxMatrixCols=\count145
\dotsspace@=\muskip10
\c@parentequation=\count146
\dspbrk@lvl=\count147
\tag@help=\toks26
\row@=\count148
\column@=\count149
\maxfields@=\count150
\andhelp@=\toks27
\eqnshift@=\dimen152
\alignsep@=\dimen153
\tagshift@=\dimen154
\tagwidth@=\dimen155
\totwidth@=\dimen156
\lineht@=\dimen157
\@envbody=\toks28
\multlinegap=\skip186
\multlinetaggap=\skip187
\mathdisplay@stack=\toks29
LaTeX Info: Redefining \[ on input line 2665.
LaTeX Info: Redefining \] on input line 2666.
)
("C:\Program Files (x86)\MiKTeX 2.9\tex\latex\amsfonts\amsfonts.sty"
Package: amsfonts 2013/01/14 v3.01 Basic AMSFonts support
\symAMSa=\mathgroup4
\symAMSb=\mathgroup5
LaTeX Font Info:    Overwriting math alphabet `\mathfrak' in version `bold'
(Font)                  U/euf/m/n --> U/euf/b/n on input line 106.
)
("C:\Program Files (x86)\MiKTeX 2.9\tex\latex\enumitem\enumitem.sty"
Package: enumitem 2011/09/28 v3.5.2 Customized lists
\labelindent=\skip188
\enit@outerparindent=\dimen158
\enit@toks=\toks30
\enit@inbox=\box31
\enitdp@description=\count151
)
("C:\Program Files (x86)\MiKTeX 2.9\tex\latex\caption\subcaption.sty"
Package: subcaption 2013/02/03 v1.1-62 Sub-captions (AR)


Class memoir Warning: You are using the caption package with the memoir class. 
To prepare we will now reset all captioning macros and configurations to kernel
 defaults, and then let the caption package take over. Please remember to use
 the caption package interfaces in order to
 configure your captions.

("C:\Program Files (x86)\MiKTeX 2.9\tex\latex\caption\caption.sty"
Package: caption 2013/05/02 v3.3-89 Customizing captions (AR)

("C:\Program Files (x86)\MiKTeX 2.9\tex\latex\caption\caption3.sty"
Package: caption3 2013/05/02 v1.6-88 caption3 kernel (AR)
Package caption3 Info: TeX engine: e-TeX on input line 57.
\captionmargin=\dimen159
\captionmargin@=\dimen160
\captionwidth=\dimen161
\caption@tempdima=\dimen162
\caption@indent=\dimen163
\caption@parindent=\dimen164
\caption@hangindent=\dimen165
)
\c@ContinuedFloat=\count152
)
\c@subfigure=\count153
\c@subtable=\count154
)
("C:\Program Files (x86)\MiKTeX 2.9\tex\latex\subfiles\subfiles.sty"
Package: subfiles 2012/05/23 Federico Garcia
)
("C:\Program Files (x86)\MiKTeX 2.9\tex\latex\algorithms\algorithm.sty"
Package: algorithm 2009/08/24 v0.1 Document Style `algorithm' - floating enviro
nment

("C:\Program Files (x86)\MiKTeX 2.9\tex\latex\float\float.sty"
Package: float 2001/11/08 v1.3d Float enhancements (AL)
\c@float@type=\count155
\float@exts=\toks31
\float@box=\box32
\@float@everytoks=\toks32
\@floatcapt=\box33
)
("C:\Program Files (x86)\MiKTeX 2.9\tex\latex\base\ifthen.sty"
Package: ifthen 2014/09/29 v1.1c Standard LaTeX ifthen package (DPC)
)
\@float@every@algorithm=\toks33
\c@algorithm=\count156
)
("C:\Program Files (x86)\MiKTeX 2.9\tex\latex\algorithms\algorithmic.sty"
Package: algorithmic 2009/08/24 v0.1 Document Style `algorithmic'
\c@ALC@unique=\count157
\c@ALC@line=\count158
\c@ALC@rem=\count159
\c@ALC@depth=\count160
\ALC@tlm=\skip189
\algorithmicindent=\skip190
)
("C:\Program Files (x86)\MiKTeX 2.9\tex\latex\graphics\color.sty"
Package: color 2014/10/28 v1.1a Standard LaTeX Color (DPC)

("C:\Program Files (x86)\MiKTeX 2.9\tex\latex\00miktex\color.cfg"
File: color.cfg 2007/01/18 v1.5 color configuration of teTeX/TeXLive
)
Package color Info: Driver file: pdftex.def on input line 137.
)
(C:\Users\Erik\Downloads\MasterThesis\main.aux)
LaTeX Font Info:    Checking defaults for OML/cmm/m/it on input line 25.
LaTeX Font Info:    ... okay on input line 25.
LaTeX Font Info:    Checking defaults for T1/cmr/m/n on input line 25.
LaTeX Font Info:    ... okay on input line 25.
LaTeX Font Info:    Checking defaults for OT1/cmr/m/n on input line 25.
LaTeX Font Info:    ... okay on input line 25.
LaTeX Font Info:    Checking defaults for OMS/cmsy/m/n on input line 25.
LaTeX Font Info:    ... okay on input line 25.
LaTeX Font Info:    Checking defaults for OMX/cmex/m/n on input line 25.
LaTeX Font Info:    ... okay on input line 25.
LaTeX Font Info:    Checking defaults for U/cmr/m/n on input line 25.
LaTeX Font Info:    ... okay on input line 25.

("C:\Program Files (x86)\MiKTeX 2.9\tex\context\base\supp-pdf.mkii"
[Loading MPS to PDF converter (version 2006.09.02).]
\scratchcounter=\count161
\scratchdimen=\dimen166
\scratchbox=\box34
\nofMPsegments=\count162
\nofMParguments=\count163
\everyMPshowfont=\toks34
\MPscratchCnt=\count164
\MPscratchDim=\dimen167
\MPnumerator=\count165
\makeMPintoPDFobject=\count166
\everyMPtoPDFconversion=\toks35
)
Package caption Info: Begin \AtBeginDocument code.
Package caption Info: float package is loaded.
Package caption Info: End \AtBeginDocument code.
Package epstopdf Info: Source file: <kth_svv.eps>
(epstopdf)                    date: 2017-05-09 17:27:01
(epstopdf)                    size: 752426 bytes
(epstopdf)             Output file: <kth_svv-eps-converted-to.pdf>
(epstopdf)                    date: 2017-05-09 17:55:45
(epstopdf)                    size: 71224 bytes
(epstopdf)             Command: <epstopdf --outfile=kth_svv-eps-converted-to.pd
f kth_svv.eps>
(epstopdf)             \includegraphics on input line 28.
Package epstopdf Info: Output file is already uptodate.
 <kth_svv-eps-converted-to.pdf, id=1, 286.06876pt x 286.06876pt>
File: kth_svv-eps-converted-to.pdf Graphic file (type pdf)

<use kth_svv-eps-converted-to.pdf>
Package pdftex.def Info: kth_svv-eps-converted-to.pdf used on input line 28.
(pdftex.def)             Requested size: 286.06805pt x 286.06805pt.

! Undefined control sequence.
<argument> \thetrita 
                     
l.28 \maketitle
               
The control sequence at the end of the top line
of your error message was never \def'ed. If you have
misspelled it (e.g., `\hobx'), type `I' and the correct
spelling (e.g., `I\hbox'). Otherwise just continue,
and I'll forget about whatever was undefined.

[1

{C:/ProgramData/MiKTeX/2.9/pdftex/config/pdftex.map} <C:/Users/Erik/Downloads/M
asterThesis/kth_svv-eps-converted-to.pdf>] [2

]
(C:\Users\Erik\Downloads\MasterThesis\Chapters/Introduction.tex) [3

] [4

]
(C:\Users\Erik\Downloads\MasterThesis\Chapters/TheoreticalBackground.tex
LaTeX Font Info:    Try loading font information for U+msa on input line 5.

("C:\Program Files (x86)\MiKTeX 2.9\tex\latex\amsfonts\umsa.fd"
File: umsa.fd 2013/01/14 v3.01 AMS symbols A
)
LaTeX Font Info:    Try loading font information for U+msb on input line 5.

("C:\Program Files (x86)\MiKTeX 2.9\tex\latex\amsfonts\umsb.fd"
File: umsb.fd 2013/01/14 v3.01 AMS symbols B
) [5] [6]
[7] [8] [9]
Package epstopdf Info: Source file: <Images/GaussianProcess_example_prior.eps>
(epstopdf)                    date: 2017-05-09 16:59:21
(epstopdf)                    size: 40522 bytes
(epstopdf)             Output file: <Images/GaussianProcess_example_prior-eps-c
onverted-to.pdf>
(epstopdf)                    date: 2017-05-09 17:55:45
(epstopdf)                    size: 14077 bytes
(epstopdf)             Command: <epstopdf --outfile=Images/GaussianProcess_exam
ple_prior-eps-converted-to.pdf Images/GaussianProcess_example_prior.eps>
(epstopdf)             \includegraphics on input line 119.
Package epstopdf Info: Output file is already uptodate.

<Images/GaussianProcess_example_prior-eps-converted-to.pdf, id=50, 421.575pt x 
316.18124pt>
File: Images/GaussianProcess_example_prior-eps-converted-to.pdf Graphic file (t
ype pdf)
 <use Images/GaussianProcess_example_prior-eps-converted-to.pdf>
Package pdftex.def Info: Images/GaussianProcess_example_prior-eps-converted-to.
pdf used on input line 119.
(pdftex.def)             Requested size: 396.0pt x 297.00777pt.
Package epstopdf Info: Source file: <Images/GaussianProcess_example.eps>
(epstopdf)                    date: 2017-05-09 16:59:21
(epstopdf)                    size: 164540 bytes
(epstopdf)             Output file: <Images/GaussianProcess_example-eps-convert
ed-to.pdf>
(epstopdf)                    date: 2017-05-09 17:55:46
(epstopdf)                    size: 32854 bytes
(epstopdf)             Command: <epstopdf --outfile=Images/GaussianProcess_exam
ple-eps-converted-to.pdf Images/GaussianProcess_example.eps>
(epstopdf)             \includegraphics on input line 123.
Package epstopdf Info: Output file is already uptodate.

<Images/GaussianProcess_example-eps-converted-to.pdf, id=51, 421.575pt x 316.18
124pt>
File: Images/GaussianProcess_example-eps-converted-to.pdf Graphic file (type pd
f)
 <use Images/GaussianProcess_example-eps-converted-to.pdf>
Package pdftex.def Info: Images/GaussianProcess_example-eps-converted-to.pdf us
ed on input line 123.
(pdftex.def)             Requested size: 396.0pt x 297.00777pt.


LaTeX Warning: Float too large for page by 63.61528pt on input line 127.

[10] [11 <C:/Users/Erik/Downloads/MasterThesis/Images/GaussianProcess_example_p
rior-eps-converted-to.pdf> <C:/Users/Erik/Downloads/MasterThesis/Images/Gaussia
nProcess_example-eps-converted-to.pdf>]
Overfull \hbox (6.06323pt too wide) in paragraph at lines 149--151
\OT1/cmr/m/n/10.95 Given this ex-pres-sion, the ker-nel pa-ram-e-ters can be es
-ti-mated with stan-dard gradient-
 []

[12] <Images/ReachableSet.png, id=69, 871.255pt x 597.23125pt>
File: Images/ReachableSet.png Graphic file (type png)

<use Images/ReachableSet.png>
Package pdftex.def Info: Images/ReachableSet.png used on input line 162.
(pdftex.def)             Requested size: 396.0pt x 271.44902pt.

Overfull \hbox (54.3151pt too wide) in paragraph at lines 169--171
\OT1/cmr/m/n/10.95 We can then cal-cu-late the back-wards reach-able set as the
 vis-cos-ity so-lu-tion []
 []

[13]) [14 <C:/Users/Erik/Downloads/MasterThesis/Images/ReachableSet.png>]
(C:\Users\Erik\Downloads\MasterThesis\Chapters/RelatedWork.tex) [15

] [16]
(C:\Users\Erik\Downloads\MasterThesis\Chapters/SolutionArchitecture.tex
<Images/flow_simple.pdf, id=84, 584.1825pt x 403.5075pt>
File: Images/flow_simple.pdf Graphic file (type pdf)

<use Images/flow_simple.pdf>
Package pdftex.def Info: Images/flow_simple.pdf used on input line 9.
(pdftex.def)             Requested size: 396.0pt x 273.5318pt.

<Images/flow_complete.pdf, id=85, 637.38126pt x 403.5075pt>
File: Images/flow_complete.pdf Graphic file (type pdf)

<use Images/flow_complete.pdf>
Package pdftex.def Info: Images/flow_complete.pdf used on input line 16.
(pdftex.def)             Requested size: 396.0pt x 250.6954pt.

Underfull \vbox (badness 10000) has occurred while \output is active []

 [17

])
[18 <C:/Users/Erik/Downloads/MasterThesis/Images/flow_simple.pdf>] [19 <C:/User
s/Erik/Downloads/MasterThesis/Images/flow_complete.pdf>] [20

]
(C:\Users\Erik\Downloads\MasterThesis\Chapters/Implementation.tex [21]
(C:\Users\Erik\Downloads\MasterThesis\Chapters/algo1.tex
\c@theorem=\count167
\c@definition=\count168
\c@lemma=\count169
\c@proposition=\count170
\c@corollary=\count171
\c@remark=\count172


LaTeX Warning: `!h' float specifier changed to `!ht'.

)
Package epstopdf Info: Source file: <Images/PolicyComparison_unsafe.eps>
(epstopdf)                    date: 2017-05-09 16:59:21
(epstopdf)                    size: 1516305 bytes
(epstopdf)             Output file: <Images/PolicyComparison_unsafe-eps-convert
ed-to.pdf>
(epstopdf)                    date: 2017-05-09 17:55:47
(epstopdf)                    size: 120708 bytes
(epstopdf)             Command: <epstopdf --outfile=Images/PolicyComparison_uns
afe-eps-converted-to.pdf Images/PolicyComparison_unsafe.eps>
(epstopdf)             \includegraphics on input line 35.
Package epstopdf Info: Output file is already uptodate.

<Images/PolicyComparison_unsafe-eps-converted-to.pdf, id=108, 437.635pt x 315.1
775pt>
File: Images/PolicyComparison_unsafe-eps-converted-to.pdf Graphic file (type pd
f)
 <use Images/PolicyComparison_unsafe-eps-converted-to.pdf>
Package pdftex.def Info: Images/PolicyComparison_unsafe-eps-converted-to.pdf us
ed on input line 35.
(pdftex.def)             Requested size: 396.0pt x 285.19608pt.


LaTeX Warning: `h' float specifier changed to `ht'.

Package epstopdf Info: Source file: <Images/Histogram_ConstraintViolations.eps>

(epstopdf)                    date: 2017-05-09 16:59:21
(epstopdf)                    size: 39067 bytes
(epstopdf)             Output file: <Images/Histogram_ConstraintViolations-eps-
converted-to.pdf>
(epstopdf)                    date: 2017-05-09 17:55:48
(epstopdf)                    size: 36084 bytes
(epstopdf)             Command: <epstopdf --outfile=Images/Histogram_Constraint
Violations-eps-converted-to.pdf Images/Histogram_ConstraintViolations.eps>
(epstopdf)             \includegraphics on input line 41.
Package epstopdf Info: Output file is already uptodate.

<Images/Histogram_ConstraintViolations-eps-converted-to.pdf, id=109, 437.635pt 
x 315.1775pt>
File: Images/Histogram_ConstraintViolations-eps-converted-to.pdf Graphic file (
type pdf)
 <use Images/Histogram_ConstraintViolations-eps-converted-to.pdf>
Package pdftex.def Info: Images/Histogram_ConstraintViolations-eps-converted-to
.pdf used on input line 41.
(pdftex.def)             Requested size: 396.0pt x 285.19608pt.


LaTeX Warning: `h' float specifier changed to `ht'.

[22]
Overfull \vbox (15.58092pt too high) has occurred while \output is active []


[23] [24 <C:/Users/Erik/Downloads/MasterThesis/Images/PolicyComparison_unsafe-e
ps-converted-to.pdf>] [25 <C:/Users/Erik/Downloads/MasterThesis/Images/Histogra
m_ConstraintViolations-eps-converted-to.pdf>]
Package epstopdf Info: Source file: <Images/safeSet_example.eps>
(epstopdf)                    date: 2017-05-09 16:59:21
(epstopdf)                    size: 36067 bytes
(epstopdf)             Output file: <Images/safeSet_example-eps-converted-to.pd
f>
(epstopdf)                    date: 2017-05-09 17:55:48
(epstopdf)                    size: 5090 bytes
(epstopdf)             Command: <epstopdf --outfile=Images/safeSet_example-eps-
converted-to.pdf Images/safeSet_example.eps>
(epstopdf)             \includegraphics on input line 131.
Package epstopdf Info: Output file is already uptodate.

<Images/safeSet_example-eps-converted-to.pdf, id=138, 330.23375pt x 340.27126pt
>
File: Images/safeSet_example-eps-converted-to.pdf Graphic file (type pdf)
 <use Images/safeSet_example-eps-converted-to.pdf>
Package pdftex.def Info: Images/safeSet_example-eps-converted-to.pdf used on in
put line 131.
(pdftex.def)             Requested size: 396.0pt x 408.05347pt.


LaTeX Warning: `h' float specifier changed to `ht'.

[26]
Package epstopdf Info: Source file: <Images/safeSet_simulation.eps>
(epstopdf)                    date: 2017-05-09 16:59:21
(epstopdf)                    size: 84666 bytes
(epstopdf)             Output file: <Images/safeSet_simulation-eps-converted-to
.pdf>
(epstopdf)                    date: 2017-05-09 17:55:49
(epstopdf)                    size: 35819 bytes
(epstopdf)             Command: <epstopdf --outfile=Images/safeSet_simulation-e
ps-converted-to.pdf Images/safeSet_simulation.eps>
(epstopdf)             \includegraphics on input line 139.
Package epstopdf Info: Output file is already uptodate.

<Images/safeSet_simulation-eps-converted-to.pdf, id=142, 717.68124pt x 454.6987
5pt>
File: Images/safeSet_simulation-eps-converted-to.pdf Graphic file (type pdf)
 <use Images/safeSet_simulation-eps-converted-to.pdf>
Package pdftex.def Info: Images/safeSet_simulation-eps-converted-to.pdf used on
 input line 139.
(pdftex.def)             Requested size: 396.0pt x 250.89684pt.


LaTeX Warning: `h' float specifier changed to `ht'.


Underfull \vbox (badness 1824) has occurred while \output is active []

 [27 <C:/Users/Erik/Downloads/MasterThesis/Images/safeSet_example-eps-converted
-to.pdf>]
<Images/doubleloop_fail.pdf, id=150, 395.4775pt x 470.75874pt>
File: Images/doubleloop_fail.pdf Graphic file (type pdf)

<use Images/doubleloop_fail.pdf>
Package pdftex.def Info: Images/doubleloop_fail.pdf used on input line 148.
(pdftex.def)             Requested size: 178.19879pt x 212.11961pt.

<Images/doubleloop.pdf, id=151, 465.74pt x 534.99875pt>
File: Images/doubleloop.pdf Graphic file (type pdf)

<use Images/doubleloop.pdf>
Package pdftex.def Info: Images/doubleloop.pdf used on input line 152.
(pdftex.def)             Requested size: 217.80121pt x 250.18411pt.

Overfull \hbox (4.86667pt too wide) in paragraph at lines 147--154
 [][]  [] 
 []


Underfull \vbox (badness 10000) has occurred while \output is active []

 [28 <C:/Users/Erik/Downloads/MasterThesis/Images/safeSet_simulation-eps-conver
ted-to.pdf>] [29 <C:/Users/Erik/Downloads/MasterThesis/Images/doubleloop_fail.p
df> <C:/Users/Erik/Downloads/MasterThesis/Images/doubleloop.pdf>]
<Images/pointchoice.pdf, id=168, 488.82625pt x 368.37625pt>
File: Images/pointchoice.pdf Graphic file (type pdf)

<use Images/pointchoice.pdf>
Package pdftex.def Info: Images/pointchoice.pdf used on input line 178.
(pdftex.def)             Requested size: 396.0pt x 298.42809pt.
 [30]
Package epstopdf Info: Source file: <Images/GP_posterior.eps>
(epstopdf)                    date: 2017-05-09 16:59:21
(epstopdf)                    size: 97735 bytes
(epstopdf)             Output file: <Images/GP_posterior-eps-converted-to.pdf>
(epstopdf)                    date: 2017-05-09 17:55:49
(epstopdf)                    size: 47638 bytes
(epstopdf)             Command: <epstopdf --outfile=Images/GP_posterior-eps-con
verted-to.pdf Images/GP_posterior.eps>
(epstopdf)             \includegraphics on input line 188.
Package epstopdf Info: Output file is already uptodate.

<Images/GP_posterior-eps-converted-to.pdf, id=172, 421.575pt x 316.18124pt>
File: Images/GP_posterior-eps-converted-to.pdf Graphic file (type pdf)

<use Images/GP_posterior-eps-converted-to.pdf>
Package pdftex.def Info: Images/GP_posterior-eps-converted-to.pdf used on input
 line 188.
(pdftex.def)             Requested size: 396.0pt x 297.00777pt.
 [31 <C:/Users/Erik/Downloads/MasterThesis/Images/pointchoice.pdf>]) [32 <C:/Us
ers/Erik/Downloads/MasterThesis/Images/GP_posterior-eps-converted-to.pdf>] [33]
 [34

]
(C:\Users\Erik\Downloads\MasterThesis\Chapters/Results.tex
Package epstopdf Info: Source file: <Images/SafeSet_it4_unexplore.eps>
(epstopdf)                    date: 2017-05-09 16:59:21
(epstopdf)                    size: 47921 bytes
(epstopdf)             Output file: <Images/SafeSet_it4_unexplore-eps-converted
-to.pdf>
(epstopdf)                    date: 2017-05-09 17:55:50
(epstopdf)                    size: 5897 bytes
(epstopdf)             Command: <epstopdf --outfile=Images/SafeSet_it4_unexplor
e-eps-converted-to.pdf Images/SafeSet_it4_unexplore.eps>
(epstopdf)             \includegraphics on input line 7.
Package epstopdf Info: Output file is already uptodate.

<Images/SafeSet_it4_unexplore-eps-converted-to.pdf, id=195, 589.20125pt x 315.1
775pt>
File: Images/SafeSet_it4_unexplore-eps-converted-to.pdf Graphic file (type pdf)

 <use Images/SafeSet_it4_unexplore-eps-converted-to.pdf>
Package pdftex.def Info: Images/SafeSet_it4_unexplore-eps-converted-to.pdf used
 on input line 7.
(pdftex.def)             Requested size: 396.0pt x 211.8315pt.
Package epstopdf Info: Source file: <Images/Learning_it4_unexplore.eps>
(epstopdf)                    date: 2017-05-09 16:59:21
(epstopdf)                    size: 173668 bytes
(epstopdf)             Output file: <Images/Learning_it4_unexplore-eps-converte
d-to.pdf>
(epstopdf)                    date: 2017-05-09 17:55:50
(epstopdf)                    size: 107986 bytes
(epstopdf)             Command: <epstopdf --outfile=Images/Learning_it4_unexplo
re-eps-converted-to.pdf Images/Learning_it4_unexplore.eps>
(epstopdf)             \includegraphics on input line 13.
Package epstopdf Info: Output file is already uptodate.

<Images/Learning_it4_unexplore-eps-converted-to.pdf, id=196, 682.55pt x 375.402
5pt>
File: Images/Learning_it4_unexplore-eps-converted-to.pdf Graphic file (type pdf
)
 <use Images/Learning_it4_unexplore-eps-converted-to.pdf>
Package pdftex.def Info: Images/Learning_it4_unexplore-eps-converted-to.pdf use
d on input line 13.
(pdftex.def)             Requested size: 396.0pt x 217.80234pt.
Package epstopdf Info: Source file: <Images/GP_it4_unexplore.eps>
(epstopdf)                    date: 2017-05-09 16:59:21
(epstopdf)                    size: 12876867 bytes
(epstopdf)             Output file: <Images/GP_it4_unexplore-eps-converted-to.p
df>
(epstopdf)                    date: 2017-05-09 17:56:12
(epstopdf)                    size: 3404082 bytes
(epstopdf)             Command: <epstopdf --outfile=Images/GP_it4_unexplore-eps
-converted-to.pdf Images/GP_it4_unexplore.eps>
(epstopdf)             \includegraphics on input line 19.
Package epstopdf Info: Output file is already uptodate.

<Images/GP_it4_unexplore-eps-converted-to.pdf, id=197, 589.20125pt x 333.245pt>
File: Images/GP_it4_unexplore-eps-converted-to.pdf Graphic file (type pdf)
<use Images/GP_it4_unexplore-eps-converted-to.pdf>
Package pdftex.def Info: Images/GP_it4_unexplore-eps-converted-to.pdf used on i
nput line 19.
(pdftex.def)             Requested size: 475.19879pt x 268.7676pt.
Package epstopdf Info: Source file: <Images/GP_it4_explore.eps>
(epstopdf)                    date: 2017-05-09 16:59:21
(epstopdf)                    size: 13097870 bytes
(epstopdf)             Output file: <Images/GP_it4_explore-eps-converted-to.pdf
>
(epstopdf)                    date: 2017-05-09 17:56:32
(epstopdf)                    size: 3146222 bytes
(epstopdf)             Command: <epstopdf --outfile=Images/GP_it4_explore-eps-c
onverted-to.pdf Images/GP_it4_explore.eps>
(epstopdf)             \includegraphics on input line 25.
Package epstopdf Info: Output file is already uptodate.

<Images/GP_it4_explore-eps-converted-to.pdf, id=198, 589.20125pt x 333.245pt>
File: Images/GP_it4_explore-eps-converted-to.pdf Graphic file (type pdf)

<use Images/GP_it4_explore-eps-converted-to.pdf>
Package pdftex.def Info: Images/GP_it4_explore-eps-converted-to.pdf used on inp
ut line 25.
(pdftex.def)             Requested size: 475.19879pt x 268.7676pt.
Package epstopdf Info: Source file: <Images/samples_exploration.eps>
(epstopdf)                    date: 2017-05-09 16:59:21
(epstopdf)                    size: 243068 bytes
(epstopdf)             Output file: <Images/samples_exploration-eps-converted-t
o.pdf>
(epstopdf)                    date: 2017-05-09 17:56:32
(epstopdf)                    size: 64546 bytes
(epstopdf)             Command: <epstopdf --outfile=Images/samples_exploration-
eps-converted-to.pdf Images/samples_exploration.eps>
(epstopdf)             \includegraphics on input line 72.
Package epstopdf Info: Output file is already uptodate.

<Images/samples_exploration-eps-converted-to.pdf, id=199, 477.785pt x 299.1175p
t>
File: Images/samples_exploration-eps-converted-to.pdf Graphic file (type pdf)
 <use Images/samples_exploration-eps-converted-to.pdf>
Package pdftex.def Info: Images/samples_exploration-eps-converted-to.pdf used o
n input line 72.
(pdftex.def)             Requested size: 396.0pt x 247.91602pt.
Package epstopdf Info: Source file: <Images/samples_unexploration.eps>
(epstopdf)                    date: 2017-05-09 16:59:21
(epstopdf)                    size: 267739 bytes
(epstopdf)             Output file: <Images/samples_unexploration-eps-converted
-to.pdf>
(epstopdf)                    date: 2017-05-09 17:56:33
(epstopdf)                    size: 66507 bytes
(epstopdf)             Command: <epstopdf --outfile=Images/samples_unexploratio
n-eps-converted-to.pdf Images/samples_unexploration.eps>
(epstopdf)             \includegraphics on input line 76.
Package epstopdf Info: Output file is already uptodate.

<Images/samples_unexploration-eps-converted-to.pdf, id=200, 477.785pt x 299.117
5pt>
File: Images/samples_unexploration-eps-converted-to.pdf Graphic file (type pdf)

 <use Images/samples_unexploration-eps-converted-to.pdf>
Package pdftex.def Info: Images/samples_unexploration-eps-converted-to.pdf used
 on input line 76.
(pdftex.def)             Requested size: 396.0pt x 247.91602pt.
Package epstopdf Info: Source file: <Images/policy_exploration.eps>
(epstopdf)                    date: 2017-05-09 16:59:21
(epstopdf)                    size: 114516 bytes
(epstopdf)             Output file: <Images/policy_exploration-eps-converted-to
.pdf>
(epstopdf)                    date: 2017-05-09 17:56:34
(epstopdf)                    size: 53981 bytes
(epstopdf)             Command: <epstopdf --outfile=Images/policy_exploration-e
ps-converted-to.pdf Images/policy_exploration.eps>
(epstopdf)             \includegraphics on input line 84.
Package epstopdf Info: Output file is already uptodate.

<Images/policy_exploration-eps-converted-to.pdf, id=201, 679.53876pt x 388.4512
5pt>
File: Images/policy_exploration-eps-converted-to.pdf Graphic file (type pdf)
 <use Images/policy_exploration-eps-converted-to.pdf>
Package pdftex.def Info: Images/policy_exploration-eps-converted-to.pdf used on
 input line 84.
(pdftex.def)             Requested size: 396.0pt x 226.36877pt.
) [35 <C:/Users/Erik/Downloads/MasterThesis/Images/SafeSet_it4_unexplore-eps-co
nverted-to.pdf>]
[36 <C:/Users/Erik/Downloads/MasterThesis/Images/Learning_it4_unexplore-eps-con
verted-to.pdf> <C:/Users/Erik/Downloads/MasterThesis/Images/GP_it4_unexplore-ep
s-converted-to.pdf>] [37 <C:/Users/Erik/Downloads/MasterThesis/Images/GP_it4_ex
plore-eps-converted-to.pdf>] [38 <C:/Users/Erik/Downloads/MasterThesis/Images/s
amples_exploration-eps-converted-to.pdf> <C:/Users/Erik/Downloads/MasterThesis/
Images/samples_unexploration-eps-converted-to.pdf>] [39 <C:/Users/Erik/Download
s/MasterThesis/Images/policy_exploration-eps-converted-to.pdf>] [40

]
(C:\Users\Erik\Downloads\MasterThesis\Chapters/Conclusions.tex
LaTeX Font Info:    Try loading font information for OMS+cmr on input line 5.

("C:\Program Files (x86)\MiKTeX 2.9\tex\latex\base\omscmr.fd"
File: omscmr.fd 2014/09/29 v2.5h Standard LaTeX font definitions
)
LaTeX Font Info:    Font shape `OMS/cmr/m/n' in size <10.95> not available
(Font)              Font shape `OMS/cmsy/m/n' tried instead on input line 5.
)
(C:\Users\Erik\Downloads\MasterThesis\main.bbl [41] [42

]
bibitemlist
[43]) [44] (C:\Users\Erik\Downloads\MasterThesis\main.aux) ) 
Here is how much of TeX's memory you used:
 7891 strings out of 493705
 115542 string characters out of 3142156
 217054 words of memory out of 3000000
 11044 multiletter control sequences out of 15000+200000
 19984 words of font info for 73 fonts, out of 3000000 for 9000
 1025 hyphenation exceptions out of 8191
 46i,16n,40p,2055b,953s stack positions out of 5000i,500n,10000p,200000b,50000s
<C:/Program Files (
x86)/MiKTeX 2.9/fonts/type1/public/amsfonts/cm/cmbx10.pfb><C:/Program Files (x8
6)/MiKTeX 2.9/fonts/type1/public/amsfonts/cm/cmbx12.pfb><C:/Program Files (x86)
/MiKTeX 2.9/fonts/type1/public/amsfonts/cm/cmcsc10.pfb><C:/Program Files (x86)/
MiKTeX 2.9/fonts/type1/public/amsfonts/cm/cmex10.pfb><C:/Program Files (x86)/Mi
KTeX 2.9/fonts/type1/public/amsfonts/cm/cmmi10.pfb><C:/Program Files (x86)/MiKT
eX 2.9/fonts/type1/public/amsfonts/cm/cmmi6.pfb><C:/Program Files (x86)/MiKTeX 
2.9/fonts/type1/public/amsfonts/cm/cmmi7.pfb><C:/Program Files (x86)/MiKTeX 2.9
/fonts/type1/public/amsfonts/cm/cmmi8.pfb><C:/Program Files (x86)/MiKTeX 2.9/fo
nts/type1/public/amsfonts/cm/cmmib10.pfb><C:/Program Files (x86)/MiKTeX 2.9/fon
ts/type1/public/amsfonts/cm/cmr10.pfb><C:/Program Files (x86)/MiKTeX 2.9/fonts/
type1/public/amsfonts/cm/cmr6.pfb><C:/Program Files (x86)/MiKTeX 2.9/fonts/type
1/public/amsfonts/cm/cmr7.pfb><C:/Program Files (x86)/MiKTeX 2.9/fonts/type1/pu
blic/amsfonts/cm/cmr8.pfb><C:/Program Files (x86)/MiKTeX 2.9/fonts/type1/public
/amsfonts/cm/cmsl10.pfb><C:/Program Files (x86)/MiKTeX 2.9/fonts/type1/public/a
msfonts/cm/cmss10.pfb><C:/Program Files (x86)/MiKTeX 2.9/fonts/type1/public/ams
fonts/cm/cmss12.pfb><C:/Program Files (x86)/MiKTeX 2.9/fonts/type1/public/amsfo
nts/cm/cmssbx10.pfb><C:/Program Files (x86)/MiKTeX 2.9/fonts/type1/public/amsfo
nts/cm/cmsy10.pfb><C:/Program Files (x86)/MiKTeX 2.9/fonts/type1/public/amsfont
s/cm/cmsy6.pfb><C:/Program Files (x86)/MiKTeX 2.9/fonts/type1/public/amsfonts/c
m/cmsy7.pfb><C:/Program Files (x86)/MiKTeX 2.9/fonts/type1/public/amsfonts/cm/c
msy8.pfb><C:/Program Files (x86)/MiKTeX 2.9/fonts/type1/public/amsfonts/cm/cmti
10.pfb><C:/Program Files (x86)/MiKTeX 2.9/fonts/type1/public/amsfonts/cm/cmtt10
.pfb><C:/Program Files (x86)/MiKTeX 2.9/fonts/type1/public/amsfonts/symbols/msb
m10.pfb>
Output written on main.pdf (44 pages, 8047389 bytes).
PDF statistics:
 10916 PDF objects out of 12825 (max. 8388607)
 0 named destinations out of 1000 (max. 500000)
 106 words of extra memory for PDF output out of 10000 (max. 10000000)

