This is pdfTeX, Version 3.14159265-2.6-1.40.16 (TeX Live 2015/Debian) (preloaded format=latex 2017.5.10)  17 MAY 2017 09:58
entering extended mode
 restricted \write18 enabled.
 %&-line parsing enabled.
**algo1.tex
(./algo1.tex
LaTeX2e <2016/02/01>
Babel <3.9q> and hyphenation patterns for 5 language(s) loaded.
\c@theorem=\count79
\c@definition=\count80
\c@lemma=\count81
\c@proposition=\count82
\c@corollary=\count83
\c@remark=\count84

! LaTeX Error: \algorithmiccomment undefined.

See the LaTeX manual or LaTeX Companion for explanation.
Type  H <return>  for immediate help.
 ...                                              
                                                  
l.89 \renewcommand{\algorithmiccomment}
                                       [1]{\hfill\eqparbox{COMMENT}{// #1}}
Try typing  <return>  to proceed.
If that doesn't work, type  X <return>  to quit.


! LaTeX Error: Environment algorithm undefined.

See the LaTeX manual or LaTeX Companion for explanation.
Type  H <return>  for immediate help.
 ...                                              
                                                  
l.91 \begin{algorithm}
                      [h!]
Your command was ignored.
Type  I <command> <return>  to replace it with another command,
or  <return>  to continue without it.


! LaTeX Error: Missing \begin{document}.

See the LaTeX manual or LaTeX Companion for explanation.
Type  H <return>  for immediate help.
 ...                                              
                                                  
l.91 \begin{algorithm}[
                       h!]
You're in trouble here.  Try typing  <return>  to proceed.
If that doesn't work, type  X <return>  to quit.

Missing character: There is no [ in font nullfont!
Missing character: There is no h in font nullfont!
Missing character: There is no ! in font nullfont!
Missing character: There is no ] in font nullfont!
! Undefined control sequence.
l.92 \small
           
The control sequence at the end of the top line
of your error message was never \def'ed. If you have
misspelled it (e.g., `\hobx'), type `I' and the correct
spelling (e.g., `I\hbox'). Otherwise just continue,
and I'll forget about whatever was undefined.


! LaTeX Error: \caption outside float.

See the LaTeX manual or LaTeX Companion for explanation.
Type  H <return>  for immediate help.
 ...                                              
                                                  
l.93    \caption
                {\textsc{Modification of Delayed Q-Learning}}
You're in trouble here.  Try typing  <return>  to proceed.
If that doesn't work, type  X <return>  to quit.


! LaTeX Error: Environment algorithmic undefined.

See the LaTeX manual or LaTeX Companion for explanation.
Type  H <return>  for immediate help.
 ...                                              
                                                  
l.95 \begin{algorithmic}
                        
Your command was ignored.
Type  I <command> <return>  to replace it with another command,
or  <return>  to continue without it.

! Undefined control sequence.
l.96    \REQUIRE
                 $\Scal, \Acal,\gamma$, and $R_{\max}$, $m_0$, $\varepsilon_...
The control sequence at the end of the top line
of your error message was never \def'ed. If you have
misspelled it (e.g., `\hobx'), type `I' and the correct
spelling (e.g., `I\hbox'). Otherwise just continue,
and I'll forget about whatever was undefined.

LaTeX Font Info:    External font `cmex10' loaded for size
(Font)              <7> on input line 96.
LaTeX Font Info:    External font `cmex10' loaded for size
(Font)              <5> on input line 96.
Missing character: There is no , in font nullfont!
Missing character: There is no a in font nullfont!
Missing character: There is no n in font nullfont!
Missing character: There is no d in font nullfont!
Missing character: There is no , in font nullfont!
Missing character: There is no , in font nullfont!
Missing character: There is no . in font nullfont!
! Undefined control sequence.
l.97    \FORALL
               {$(s,a)$}
The control sequence at the end of the top line
of your error message was never \def'ed. If you have
misspelled it (e.g., `\hobx'), type `I' and the correct
spelling (e.g., `I\hbox'). Otherwise just continue,
and I'll forget about whatever was undefined.

! Undefined control sequence.
l.98     \STATE
                $Q(s, a) \leftarrow R_{\max}/(1-\gamma)$ {\color{blue}  \COM...
The control sequence at the end of the top line
of your error message was never \def'ed. If you have
misspelled it (e.g., `\hobx'), type `I' and the correct
spelling (e.g., `I\hbox'). Otherwise just continue,
and I'll forget about whatever was undefined.

! Undefined control sequence.
l.98 ...a) \leftarrow R_{\max}/(1-\gamma)$ {\color
                                                  {blue}  \COMMENT{\texttt{o...
The control sequence at the end of the top line
of your error message was never \def'ed. If you have
misspelled it (e.g., `\hobx'), type `I' and the correct
spelling (e.g., `I\hbox'). Otherwise just continue,
and I'll forget about whatever was undefined.

Missing character: There is no b in font nullfont!
Missing character: There is no l in font nullfont!
Missing character: There is no u in font nullfont!
Missing character: There is no e in font nullfont!
! Undefined control sequence.
l.98 ...{\max}/(1-\gamma)$ {\color{blue}  \COMMENT
                                                  {\texttt{optimistic initia...
The control sequence at the end of the top line
of your error message was never \def'ed. If you have
misspelled it (e.g., `\hobx'), type `I' and the correct
spelling (e.g., `I\hbox'). Otherwise just continue,
and I'll forget about whatever was undefined.

! Undefined control sequence.
l.99     \STATE
                $U(s,a) \leftarrow 0$    {\color{blue} \COMMENT{\texttt{per-...
The control sequence at the end of the top line
of your error message was never \def'ed. If you have
misspelled it (e.g., `\hobx'), type `I' and the correct
spelling (e.g., `I\hbox'). Otherwise just continue,
and I'll forget about whatever was undefined.

! Undefined control sequence.
l.99     \STATE $U(s,a) \leftarrow 0$    {\color
                                                {blue} \COMMENT{\texttt{per-...
The control sequence at the end of the top line
of your error message was never \def'ed. If you have
misspelled it (e.g., `\hobx'), type `I' and the correct
spelling (e.g., `I\hbox'). Otherwise just continue,
and I'll forget about whatever was undefined.

Missing character: There is no b in font nullfont!
Missing character: There is no l in font nullfont!
Missing character: There is no u in font nullfont!
Missing character: There is no e in font nullfont!
! Undefined control sequence.
l.99 ...a) \leftarrow 0$    {\color{blue} \COMMENT
                                                  {\texttt{per-batch cumulat...
The control sequence at the end of the top line
of your error message was never \def'ed. If you have
misspelled it (e.g., `\hobx'), type `I' and the correct
spelling (e.g., `I\hbox'). Otherwise just continue,
and I'll forget about whatever was undefined.

! Undefined control sequence.
l.100     \STATE
                 $B(s, a) \leftarrow 0$   {\color{blue}  \COMMENT{\texttt{be...
The control sequence at the end of the top line
of your error message was never \def'ed. If you have
misspelled it (e.g., `\hobx'), type `I' and the correct
spelling (e.g., `I\hbox'). Otherwise just continue,
and I'll forget about whatever was undefined.

! Undefined control sequence.
l.100     \STATE $B(s, a) \leftarrow 0$   {\color
                                                 {blue}  \COMMENT{\texttt{be...
The control sequence at the end of the top line
of your error message was never \def'ed. If you have
misspelled it (e.g., `\hobx'), type `I' and the correct
spelling (e.g., `I\hbox'). Otherwise just continue,
and I'll forget about whatever was undefined.

Missing character: There is no b in font nullfont!
Missing character: There is no l in font nullfont!
Missing character: There is no u in font nullfont!
Missing character: There is no e in font nullfont!
! Undefined control sequence.
l.100 ...) \leftarrow 0$   {\color{blue}  \COMMENT
                                                  {\texttt{beginning time-st...
The control sequence at the end of the top line
of your error message was never \def'ed. If you have
misspelled it (e.g., `\hobx'), type `I' and the correct
spelling (e.g., `I\hbox'). Otherwise just continue,
and I'll forget about whatever was undefined.

! Undefined control sequence.
l.101     \STATE
                 $C(s,a) \leftarrow 0$    {\color{blue}  \COMMENT{\texttt{pe...
The control sequence at the end of the top line
of your error message was never \def'ed. If you have
misspelled it (e.g., `\hobx'), type `I' and the correct
spelling (e.g., `I\hbox'). Otherwise just continue,
and I'll forget about whatever was undefined.

! Undefined control sequence.
l.101     \STATE $C(s,a) \leftarrow 0$    {\color
                                                 {blue}  \COMMENT{\texttt{pe...
The control sequence at the end of the top line
of your error message was never \def'ed. If you have
misspelled it (e.g., `\hobx'), type `I' and the correct
spelling (e.g., `I\hbox'). Otherwise just continue,
and I'll forget about whatever was undefined.

Missing character: There is no b in font nullfont!
Missing character: There is no l in font nullfont!
Missing character: There is no u in font nullfont!
Missing character: There is no e in font nullfont!
! Undefined control sequence.
l.101 ... \leftarrow 0$    {\color{blue}  \COMMENT
                                                  {\texttt{per-batch counter...
The control sequence at the end of the top line
of your error message was never \def'ed. If you have
misspelled it (e.g., `\hobx'), type `I' and the correct
spelling (e.g., `I\hbox'). Otherwise just continue,
and I'll forget about whatever was undefined.

! Undefined control sequence.
l.102     \STATE
                 $M(s, a) \leftarrow m_0$          {\color{blue}  \COMMENT{\...
The control sequence at the end of the top line
of your error message was never \def'ed. If you have
misspelled it (e.g., `\hobx'), type `I' and the correct
spelling (e.g., `I\hbox'). Otherwise just continue,
and I'll forget about whatever was undefined.

! Undefined control sequence.
l.102 ...$M(s, a) \leftarrow m_0$          {\color
                                                  {blue}  \COMMENT{\texttt{b...
The control sequence at the end of the top line
of your error message was never \def'ed. If you have
misspelled it (e.g., `\hobx'), type `I' and the correct
spelling (e.g., `I\hbox'). Otherwise just continue,
and I'll forget about whatever was undefined.

Missing character: There is no b in font nullfont!
Missing character: There is no l in font nullfont!
Missing character: There is no u in font nullfont!
Missing character: There is no e in font nullfont!
! Undefined control sequence.
l.102 ...row m_0$          {\color{blue}  \COMMENT
                                                  {\texttt{batch size for $(...
The control sequence at the end of the top line
of your error message was never \def'ed. If you have
misspelled it (e.g., `\hobx'), type `I' and the correct
spelling (e.g., `I\hbox'). Otherwise just continue,
and I'll forget about whatever was undefined.

! Undefined control sequence.
l.103     \STATE
                 $L(s,a)\leftarrow \textsf{TRUE} $   {\color{blue} \COMMENT{...
The control sequence at the end of the top line
of your error message was never \def'ed. If you have
misspelled it (e.g., `\hobx'), type `I' and the correct
spelling (e.g., `I\hbox'). Otherwise just continue,
and I'll forget about whatever was undefined.

! Undefined control sequence.
l.103 ...(s,a)\leftarrow \textsf{TRUE} $   {\color
                                                  {blue} \COMMENT{\texttt{th...
The control sequence at the end of the top line
of your error message was never \def'ed. If you have
misspelled it (e.g., `\hobx'), type `I' and the correct
spelling (e.g., `I\hbox'). Otherwise just continue,
and I'll forget about whatever was undefined.

Missing character: There is no b in font nullfont!
Missing character: There is no l in font nullfont!
Missing character: There is no u in font nullfont!
Missing character: There is no e in font nullfont!
! Undefined control sequence.
l.103 ... \textsf{TRUE} $   {\color{blue} \COMMENT
                                                  {\texttt{the learning flag}}}
The control sequence at the end of the top line
of your error message was never \def'ed. If you have
misspelled it (e.g., `\hobx'), type `I' and the correct
spelling (e.g., `I\hbox'). Otherwise just continue,
and I'll forget about whatever was undefined.

! Undefined control sequence.
l.104    \ENDFOR
                
The control sequence at the end of the top line
of your error message was never \def'ed. If you have
misspelled it (e.g., `\hobx'), type `I' and the correct
spelling (e.g., `I\hbox'). Otherwise just continue,
and I'll forget about whatever was undefined.

! Undefined control sequence.
l.105    \STATE
                $t_{\textrm{update}} \leftarrow 0$  {\color{blue}  \COMMENT{...
The control sequence at the end of the top line
of your error message was never \def'ed. If you have
misspelled it (e.g., `\hobx'), type `I' and the correct
spelling (e.g., `I\hbox'). Otherwise just continue,
and I'll forget about whatever was undefined.

! Undefined control sequence.
l.105 ..._{\textrm{update}} \leftarrow 0$  {\color
                                                  {blue}  \COMMENT{\texttt{t...
The control sequence at the end of the top line
of your error message was never \def'ed. If you have
misspelled it (e.g., `\hobx'), type `I' and the correct
spelling (e.g., `I\hbox'). Otherwise just continue,
and I'll forget about whatever was undefined.

Missing character: There is no b in font nullfont!
Missing character: There is no l in font nullfont!
Missing character: There is no u in font nullfont!
Missing character: There is no e in font nullfont!
! Undefined control sequence.
l.105 ...}} \leftarrow 0$  {\color{blue}  \COMMENT
                                                  {\texttt{time-step of the ...
The control sequence at the end of the top line
of your error message was never \def'ed. If you have
misspelled it (e.g., `\hobx'), type `I' and the correct
spelling (e.g., `I\hbox'). Otherwise just continue,
and I'll forget about whatever was undefined.

! Undefined control sequence.
l.106    \STATE
                $\varepsilon \leftarrow 10^{-4}$    {\color{blue}  \COMMENT{...
The control sequence at the end of the top line
of your error message was never \def'ed. If you have
misspelled it (e.g., `\hobx'), type `I' and the correct
spelling (e.g., `I\hbox'). Otherwise just continue,
and I'll forget about whatever was undefined.

! Undefined control sequence.
l.106 ...varepsilon \leftarrow 10^{-4}$    {\color
                                                  {blue}  \COMMENT{\texttt{t...
The control sequence at the end of the top line
of your error message was never \def'ed. If you have
misspelled it (e.g., `\hobx'), type `I' and the correct
spelling (e.g., `I\hbox'). Otherwise just continue,
and I'll forget about whatever was undefined.

Missing character: There is no b in font nullfont!
Missing character: There is no l in font nullfont!
Missing character: There is no u in font nullfont!
Missing character: There is no e in font nullfont!
! Undefined control sequence.
l.106 ...arrow 10^{-4}$    {\color{blue}  \COMMENT
                                                  {\texttt{threshold for adm...
The control sequence at the end of the top line
of your error message was never \def'ed. If you have
misspelled it (e.g., `\hobx'), type `I' and the correct
spelling (e.g., `I\hbox'). Otherwise just continue,
and I'll forget about whatever was undefined.


Overfull \hbox (20.0pt too wide) in paragraph at lines 91--107
[]
 []


Overfull \hbox (26.26648pt too wide) in paragraph at lines 91--107
\OT1/cmr/m/sc/10 Mod-
 []


Overfull \hbox (6.79994pt too wide) in paragraph at lines 91--107
\OT1/cmr/m/sc/10 i-
 []


Overfull \hbox (12.15549pt too wide) in paragraph at lines 91--107
\OT1/cmr/m/sc/10 fi-
 []


Overfull \hbox (15.82213pt too wide) in paragraph at lines 91--107
\OT1/cmr/m/sc/10 ca-
 []


Overfull \hbox (21.42212pt too wide) in paragraph at lines 91--107
\OT1/cmr/m/sc/10 tion
 []


Overfull \hbox (11.71107pt too wide) in paragraph at lines 91--107
\OT1/cmr/m/sc/10 of
 []


Overfull \hbox (17.64708pt too wide) in paragraph at lines 91--107
\OT1/cmr/m/sc/10 De-
 []


Overfull \hbox (28.55542pt too wide) in paragraph at lines 91--107
\OT1/cmr/m/sc/10 layed
 []


Overfull \hbox (12.2221pt too wide) in paragraph at lines 91--107
\OT1/cmr/m/sc/10 Q-
 []


Overfull \hbox (46.26643pt too wide) in paragraph at lines 91--107
\OT1/cmr/m/sc/10 Learning
 []


Overfull \hbox (29.4119pt too wide) in paragraph at lines 91--107
\OMS/cmsy/m/n/10 S\OML/cmm/m/it/10 ; \OMS/cmsy/m/n/10 A\OML/cmm/m/it/10 ; ^^M$
 []


Overfull \hbox (22.84991pt too wide) in paragraph at lines 91--107
\OML/cmm/m/it/10 R[]$
 []


Overfull \hbox (13.26627pt too wide) in paragraph at lines 91--107
\OML/cmm/m/it/10 m[]$
 []


Overfull \hbox (26.06606pt too wide) in paragraph at lines 91--107
\OML/cmm/m/it/10 "[]$
 []


Overfull \hbox (22.1956pt too wide) in paragraph at lines 91--107
\OT1/cmr/m/n/10 (\OML/cmm/m/it/10 s; a\OT1/cmr/m/n/10 )$
 []


Overfull \hbox (42.87888pt too wide) in paragraph at lines 91--107
\OML/cmm/m/it/10 Q\OT1/cmr/m/n/10 (\OML/cmm/m/it/10 s; a\OT1/cmr/m/n/10 ) \OMS/
cmsy/m/n/10  
 []


Overfull \hbox (44.51665pt too wide) in paragraph at lines 91--107
\OML/cmm/m/it/10 R[]=\OT1/cmr/m/n/10 (1 \OMS/cmsy/m/n/10 ^^@
 []


Overfull \hbox (9.62175pt too wide) in paragraph at lines 91--107
\OML/cmm/m/it/10 ^^M\OT1/cmr/m/n/10 )$
 []


Overfull \hbox (52.49954pt too wide) in paragraph at lines 91--107
\OT1/cmtt/m/n/10 optimistic
 []


Overfull \hbox (73.49936pt too wide) in paragraph at lines 91--107
\OT1/cmtt/m/n/10 initialization
 []


Overfull \hbox (10.49991pt too wide) in paragraph at lines 91--107
\OT1/cmtt/m/n/10 of
 []


Overfull \hbox (44.65523pt too wide) in paragraph at lines 91--107
\OML/cmm/m/it/10 Q$\OT1/cmtt/m/n/10 -values
 []


Overfull \hbox (42.89136pt too wide) in paragraph at lines 91--107
\OML/cmm/m/it/10 U\OT1/cmr/m/n/10 (\OML/cmm/m/it/10 s; a\OT1/cmr/m/n/10 ) \OMS/
cmsy/m/n/10  
 []


Overfull \hbox (5.00002pt too wide) in paragraph at lines 91--107
\OT1/cmr/m/n/10 0$
 []


Overfull \hbox (47.24959pt too wide) in paragraph at lines 91--107
\OT1/cmtt/m/n/10 per-batch
 []


Overfull \hbox (52.49954pt too wide) in paragraph at lines 91--107
\OT1/cmtt/m/n/10 cumulative
 []


Overfull \hbox (44.65523pt too wide) in paragraph at lines 91--107
\OML/cmm/m/it/10 Q$\OT1/cmtt/m/n/10 -values
 []


Overfull \hbox (15.74986pt too wide) in paragraph at lines 91--107
\OT1/cmtt/m/n/10 for
 []


Overfull \hbox (22.1956pt too wide) in paragraph at lines 91--107
\OT1/cmr/m/n/10 (\OML/cmm/m/it/10 s; a\OT1/cmr/m/n/10 )$
 []


Overfull \hbox (43.06013pt too wide) in paragraph at lines 91--107
\OML/cmm/m/it/10 B\OT1/cmr/m/n/10 (\OML/cmm/m/it/10 s; a\OT1/cmr/m/n/10 ) \OMS/
cmsy/m/n/10  
 []


Overfull \hbox (5.00002pt too wide) in paragraph at lines 91--107
\OT1/cmr/m/n/10 0$
 []


Overfull \hbox (47.24959pt too wide) in paragraph at lines 91--107
\OT1/cmtt/m/n/10 beginning
 []


Overfull \hbox (47.24959pt too wide) in paragraph at lines 91--107
\OT1/cmtt/m/n/10 time-step
 []


Overfull \hbox (10.49991pt too wide) in paragraph at lines 91--107
\OT1/cmtt/m/n/10 of
 []


Overfull \hbox (47.24959pt too wide) in paragraph at lines 91--107
\OT1/cmtt/m/n/10 attempted
 []


Overfull \hbox (31.49973pt too wide) in paragraph at lines 91--107
\OT1/cmtt/m/n/10 update
 []


Overfull \hbox (15.74986pt too wide) in paragraph at lines 91--107
\OT1/cmtt/m/n/10 for
 []


Overfull \hbox (22.1956pt too wide) in paragraph at lines 91--107
\OT1/cmr/m/n/10 (\OML/cmm/m/it/10 s; a\OT1/cmr/m/n/10 )$
 []


Overfull \hbox (42.83582pt too wide) in paragraph at lines 91--107
\OML/cmm/m/it/10 C\OT1/cmr/m/n/10 (\OML/cmm/m/it/10 s; a\OT1/cmr/m/n/10 ) \OMS/
cmsy/m/n/10  
 []


Overfull \hbox (5.00002pt too wide) in paragraph at lines 91--107
\OT1/cmr/m/n/10 0$
 []


Overfull \hbox (47.24959pt too wide) in paragraph at lines 91--107
\OT1/cmtt/m/n/10 per-batch
 []


Overfull \hbox (36.74968pt too wide) in paragraph at lines 91--107
\OT1/cmtt/m/n/10 counter
 []


Overfull \hbox (15.74986pt too wide) in paragraph at lines 91--107
\OT1/cmtt/m/n/10 for
 []


Overfull \hbox (22.1956pt too wide) in paragraph at lines 91--107
\OT1/cmr/m/n/10 (\OML/cmm/m/it/10 s; a\OT1/cmr/m/n/10 )$
 []


Overfull \hbox (45.76498pt too wide) in paragraph at lines 91--107
\OML/cmm/m/it/10 M\OT1/cmr/m/n/10 (\OML/cmm/m/it/10 s; a\OT1/cmr/m/n/10 ) \OMS/
cmsy/m/n/10  
 []


Overfull \hbox (13.26627pt too wide) in paragraph at lines 91--107
\OML/cmm/m/it/10 m[]$
 []


Overfull \hbox (26.24977pt too wide) in paragraph at lines 91--107
\OT1/cmtt/m/n/10 batch
 []


Overfull \hbox (20.99982pt too wide) in paragraph at lines 91--107
\OT1/cmtt/m/n/10 size
 []


Overfull \hbox (15.74986pt too wide) in paragraph at lines 91--107
\OT1/cmtt/m/n/10 for
 []


Overfull \hbox (22.1956pt too wide) in paragraph at lines 91--107
\OT1/cmr/m/n/10 (\OML/cmm/m/it/10 s; a\OT1/cmr/m/n/10 )$
 []


Overfull \hbox (41.7789pt too wide) in paragraph at lines 91--107
\OML/cmm/m/it/10 L\OT1/cmr/m/n/10 (\OML/cmm/m/it/10 s; a\OT1/cmr/m/n/10 ) \OMS/
cmsy/m/n/10  
 []


Overfull \hbox (26.1112pt too wide) in paragraph at lines 91--107
[]$
 []


Overfull \hbox (15.74986pt too wide) in paragraph at lines 91--107
\OT1/cmtt/m/n/10 the
 []


Overfull \hbox (41.99963pt too wide) in paragraph at lines 91--107
\OT1/cmtt/m/n/10 learning
 []


Overfull \hbox (20.99982pt too wide) in paragraph at lines 91--107
\OT1/cmtt/m/n/10 flag
 []


Overfull \hbox (47.1667pt too wide) in paragraph at lines 91--107
\OML/cmm/m/it/10 t[] \OMS/cmsy/m/n/10  
 []


Overfull \hbox (5.00002pt too wide) in paragraph at lines 91--107
\OT1/cmr/m/n/10 0$
 []


Overfull \hbox (47.24959pt too wide) in paragraph at lines 91--107
\OT1/cmtt/m/n/10 time-step
 []


Overfull \hbox (10.49991pt too wide) in paragraph at lines 91--107
\OT1/cmtt/m/n/10 of
 []


Overfull \hbox (15.74986pt too wide) in paragraph at lines 91--107
\OT1/cmtt/m/n/10 the
 []


Overfull \hbox (20.99982pt too wide) in paragraph at lines 91--107
\OT1/cmtt/m/n/10 most
 []


Overfull \hbox (31.49973pt too wide) in paragraph at lines 91--107
\OT1/cmtt/m/n/10 recent
 []


Overfull \hbox (39.40527pt too wide) in paragraph at lines 91--107
\OML/cmm/m/it/10 Q$\OT1/cmtt/m/n/10 -value
 []


Overfull \hbox (31.49973pt too wide) in paragraph at lines 91--107
\OT1/cmtt/m/n/10 change
 []


Overfull \hbox (17.4409pt too wide) in paragraph at lines 91--107
\OML/cmm/m/it/10 " \OMS/cmsy/m/n/10  
 []


Overfull \hbox (20.73618pt too wide) in paragraph at lines 91--107
\OT1/cmr/m/n/10 10[]$
 []


Overfull \hbox (47.24959pt too wide) in paragraph at lines 91--107
\OT1/cmtt/m/n/10 threshold
 []


Overfull \hbox (15.74986pt too wide) in paragraph at lines 91--107
\OT1/cmtt/m/n/10 for
 []


Overfull \hbox (47.24959pt too wide) in paragraph at lines 91--107
\OT1/cmtt/m/n/10 admitting
 []


Overfull \hbox (39.40527pt too wide) in paragraph at lines 91--107
\OML/cmm/m/it/10 Q$\OT1/cmtt/m/n/10 -value
 []


Overfull \hbox (36.74968pt too wide) in paragraph at lines 91--107
\OT1/cmtt/m/n/10 updates 
 []

! Undefined control sequence.
l.108    \FOR
             {$t\geq 1$}   %\qquad\qquad\qquad\qquad {\color{blue}  {\texttt...
The control sequence at the end of the top line
of your error message was never \def'ed. If you have
misspelled it (e.g., `\hobx'), type `I' and the correct
spelling (e.g., `I\hbox'). Otherwise just continue,
and I'll forget about whatever was undefined.


! LaTeX Error: Missing \begin{document}.

See the LaTeX manual or LaTeX Companion for explanation.
Type  H <return>  for immediate help.
 ...                                              
                                                  
l.108    \FOR{$
               t\geq 1$}   %\qquad\qquad\qquad\qquad {\color{blue}  {\texttt...

You're in trouble here.  Try typing  <return>  to proceed.
If that doesn't work, type  X <return>  to quit.

! Undefined control sequence.
l.109     \STATE
                 Observe the current state $s_t$. Take action $a_t \in \argm...
The control sequence at the end of the top line
of your error message was never \def'ed. If you have
misspelled it (e.g., `\hobx'), type `I' and the correct
spelling (e.g., `I\hbox'). Otherwise just continue,
and I'll forget about whatever was undefined.

Missing character: There is no O in font nullfont!
Missing character: There is no b in font nullfont!
Missing character: There is no s in font nullfont!
Missing character: There is no e in font nullfont!
Missing character: There is no r in font nullfont!
Missing character: There is no v in font nullfont!
Missing character: There is no e in font nullfont!
Missing character: There is no t in font nullfont!
Missing character: There is no h in font nullfont!
Missing character: There is no e in font nullfont!
Missing character: There is no c in font nullfont!
Missing character: There is no u in font nullfont!
Missing character: There is no r in font nullfont!
Missing character: There is no r in font nullfont!
Missing character: There is no e in font nullfont!
Missing character: There is no n in font nullfont!
Missing character: There is no t in font nullfont!
Missing character: There is no s in font nullfont!
Missing character: There is no t in font nullfont!
Missing character: There is no a in font nullfont!
Missing character: There is no t in font nullfont!
Missing character: There is no e in font nullfont!
Missing character: There is no . in font nullfont!
Missing character: There is no T in font nullfont!
Missing character: There is no a in font nullfont!
Missing character: There is no k in font nullfont!
Missing character: There is no e in font nullfont!
Missing character: There is no a in font nullfont!
Missing character: There is no c in font nullfont!
Missing character: There is no t in font nullfont!
Missing character: There is no i in font nullfont!
Missing character: There is no o in font nullfont!
Missing character: There is no n in font nullfont!
Missing character: There is no , in font nullfont!
Missing character: There is no r in font nullfont!
Missing character: There is no e in font nullfont!
Missing character: There is no c in font nullfont!
Missing character: There is no e in font nullfont!
Missing character: There is no i in font nullfont!
Missing character: There is no v in font nullfont!
Missing character: There is no e in font nullfont!
Missing character: There is no r in font nullfont!
Missing character: There is no e in font nullfont!
Missing character: There is no w in font nullfont!
Missing character: There is no a in font nullfont!
Missing character: There is no r in font nullfont!
Missing character: There is no d in font nullfont!
Missing character: There is no , in font nullfont!
Missing character: There is no a in font nullfont!
Missing character: There is no n in font nullfont!
Missing character: There is no d in font nullfont!
Missing character: There is no g in font nullfont!
Missing character: There is no o in font nullfont!
Missing character: There is no t in font nullfont!
Missing character: There is no o in font nullfont!
Missing character: There is no a in font nullfont!
Missing character: There is no n in font nullfont!
Missing character: There is no e in font nullfont!
Missing character: There is no x in font nullfont!
Missing character: There is no t in font nullfont!
Missing character: There is no s in font nullfont!
Missing character: There is no t in font nullfont!
Missing character: There is no a in font nullfont!
Missing character: There is no t in font nullfont!
Missing character: There is no e in font nullfont!
Missing character: There is no . in font nullfont!
! Undefined control sequence.
l.110     \IF
             {$B(s_t,a_t)\le t_{\textrm{update}}$} \alsp
The control sequence at the end of the top line
of your error message was never \def'ed. If you have
misspelled it (e.g., `\hobx'), type `I' and the correct
spelling (e.g., `I\hbox'). Otherwise just continue,
and I'll forget about whatever was undefined.

! Undefined control sequence.
l.111         \STATE
                     $L(s_t,a_t) \leftarrow \textsf{TRUE}$ \alsp
The control sequence at the end of the top line
of your error message was never \def'ed. If you have
misspelled it (e.g., `\hobx'), type `I' and the correct
spelling (e.g., `I\hbox'). Otherwise just continue,
and I'll forget about whatever was undefined.

! Undefined control sequence.
l.112     \ENDIF
                
The control sequence at the end of the top line
of your error message was never \def'ed. If you have
misspelled it (e.g., `\hobx'), type `I' and the correct
spelling (e.g., `I\hbox'). Otherwise just continue,
and I'll forget about whatever was undefined.


Overfull \hbox (34.16663pt too wide) in paragraph at lines 108--113
[]$\OML/cmm/m/it/10 t \OMS/cmsy/m/n/10 ^^U
 []


Overfull \hbox (5.00002pt too wide) in paragraph at lines 108--113
\OT1/cmr/m/n/10 1$
 []


Overfull \hbox (8.20834pt too wide) in paragraph at lines 108--113
\OML/cmm/m/it/10 s[]$
 []


Overfull \hbox (18.25113pt too wide) in paragraph at lines 108--113
\OML/cmm/m/it/10 a[] \OMS/cmsy/m/n/10 2
 []


Overfull \hbox (84.60513pt too wide) in paragraph at lines 108--113
[]  [][] \OML/cmm/m/it/10 Q\OT1/cmr/m/n/10 (\OML/cmm/m/it/10 s[]; a\OT1/cmr/m/n
/10 )$
 []


Overfull \hbox (8.03242pt too wide) in paragraph at lines 108--113
\OML/cmm/m/it/10 r[]$
 []


Overfull \hbox (18.33339pt too wide) in paragraph at lines 108--113
\OML/cmm/m/it/10 s[]$
 []


Overfull \hbox (47.87961pt too wide) in paragraph at lines 108--113
$\OML/cmm/m/it/10 B\OT1/cmr/m/n/10 (\OML/cmm/m/it/10 s[]; a[]\OT1/cmr/m/n/10 ) 
\OMS/cmsy/m/n/10 ^^T
 []


Overfull \hbox (34.38898pt too wide) in paragraph at lines 108--113
\OML/cmm/m/it/10 t[]$
 []


Overfull \hbox (48.82059pt too wide) in paragraph at lines 108--113
$\OML/cmm/m/it/10 L\OT1/cmr/m/n/10 (\OML/cmm/m/it/10 s[]; a[]\OT1/cmr/m/n/10 ) 
\OMS/cmsy/m/n/10  
 []


Overfull \hbox (26.1112pt too wide) in paragraph at lines 108--113
[]$
 []

! Undefined control sequence.
l.114     \IF
             {$L(s_t,a_t)$=\textsf{TRUE}} \alsp
The control sequence at the end of the top line
of your error message was never \def'ed. If you have
misspelled it (e.g., `\hobx'), type `I' and the correct
spelling (e.g., `I\hbox'). Otherwise just continue,
and I'll forget about whatever was undefined.


! LaTeX Error: Missing \begin{document}.

See the LaTeX manual or LaTeX Companion for explanation.
Type  H <return>  for immediate help.
 ...                                              
                                                  
l.114     \IF{$
               L(s_t,a_t)$=\textsf{TRUE}} \alsp
You're in trouble here.  Try typing  <return>  to proceed.
If that doesn't work, type  X <return>  to quit.

Missing character: There is no = in font nullfont!
! Undefined control sequence.
l.115         \IF
                 {$C(s_t,a_t)=0$} \alsp
The control sequence at the end of the top line
of your error message was never \def'ed. If you have
misspelled it (e.g., `\hobx'), type `I' and the correct
spelling (e.g., `I\hbox'). Otherwise just continue,
and I'll forget about whatever was undefined.

! Undefined control sequence.
l.116             \STATE
                         $B(s_t,a_t)\leftarrow t$ \alsp
The control sequence at the end of the top line
of your error message was never \def'ed. If you have
misspelled it (e.g., `\hobx'), type `I' and the correct
spelling (e.g., `I\hbox'). Otherwise just continue,
and I'll forget about whatever was undefined.

! Undefined control sequence.
l.117         \ENDIF
                    
The control sequence at the end of the top line
of your error message was never \def'ed. If you have
misspelled it (e.g., `\hobx'), type `I' and the correct
spelling (e.g., `I\hbox'). Otherwise just continue,
and I'll forget about whatever was undefined.

! Undefined control sequence.
l.118         \STATE
                     $C(s_t,a_t) \leftarrow C(s_t,a_t) + 1$ \alsp
The control sequence at the end of the top line
of your error message was never \def'ed. If you have
misspelled it (e.g., `\hobx'), type `I' and the correct
spelling (e.g., `I\hbox'). Otherwise just continue,
and I'll forget about whatever was undefined.

! Undefined control sequence.
l.119         \STATE
                     $U(s_t, a_t) \leftarrow U(s_t, a_t) + r_t + \gamma \max...
The control sequence at the end of the top line
of your error message was never \def'ed. If you have
misspelled it (e.g., `\hobx'), type `I' and the correct
spelling (e.g., `I\hbox'). Otherwise just continue,
and I'll forget about whatever was undefined.

! Undefined control sequence.
l.120         \IF
                 {$C(s_t,a_t)=M(s_t,a_t)$} \alsp
The control sequence at the end of the top line
of your error message was never \def'ed. If you have
misspelled it (e.g., `\hobx'), type `I' and the correct
spelling (e.g., `I\hbox'). Otherwise just continue,
and I'll forget about whatever was undefined.

! Undefined control sequence.
l.121             \STATE
                         $q \leftarrow U(s_t, a_t)/M(s_t,a_t)$ \alsp
The control sequence at the end of the top line
of your error message was never \def'ed. If you have
misspelled it (e.g., `\hobx'), type `I' and the correct
spelling (e.g., `I\hbox'). Otherwise just continue,
and I'll forget about whatever was undefined.

! Undefined control sequence.
l.122             \IF
                     {$|Q(s_t,a_t)-q|\ge \varepsilon$} \alsp
The control sequence at the end of the top line
of your error message was never \def'ed. If you have
misspelled it (e.g., `\hobx'), type `I' and the correct
spelling (e.g., `I\hbox'). Otherwise just continue,
and I'll forget about whatever was undefined.

! Undefined control sequence.
l.123                 \STATE
                             $Q(s_t,a_t) \leftarrow q$ \alsp  {\color{blue} ...
The control sequence at the end of the top line
of your error message was never \def'ed. If you have
misspelled it (e.g., `\hobx'), type `I' and the correct
spelling (e.g., `I\hbox'). Otherwise just continue,
and I'll forget about whatever was undefined.

! Undefined control sequence.
l.123 ... $Q(s_t,a_t) \leftarrow q$ \alsp  {\color
                                                  {blue}  \COMMENT{\texttt{u...
The control sequence at the end of the top line
of your error message was never \def'ed. If you have
misspelled it (e.g., `\hobx'), type `I' and the correct
spelling (e.g., `I\hbox'). Otherwise just continue,
and I'll forget about whatever was undefined.

Missing character: There is no b in font nullfont!
Missing character: There is no l in font nullfont!
Missing character: There is no u in font nullfont!
Missing character: There is no e in font nullfont!
! Undefined control sequence.
l.123 ...ftarrow q$ \alsp  {\color{blue}  \COMMENT
                                                  {\texttt{update if $Q$-val...
The control sequence at the end of the top line
of your error message was never \def'ed. If you have
misspelled it (e.g., `\hobx'), type `I' and the correct
spelling (e.g., `I\hbox'). Otherwise just continue,
and I'll forget about whatever was undefined.

! Undefined control sequence.
l.124                 \STATE
                             $t_{\textrm{update}} \leftarrow t$ \alsp
The control sequence at the end of the top line
of your error message was never \def'ed. If you have
misspelled it (e.g., `\hobx'), type `I' and the correct
spelling (e.g., `I\hbox'). Otherwise just continue,
and I'll forget about whatever was undefined.

! Undefined control sequence.
l.125             \ELSIF
                        {$B(s_t,a_t)>t_{\textrm{update}}$} \alsp
The control sequence at the end of the top line
of your error message was never \def'ed. If you have
misspelled it (e.g., `\hobx'), type `I' and the correct
spelling (e.g., `I\hbox'). Otherwise just continue,
and I'll forget about whatever was undefined.

! Undefined control sequence.
l.126                 \STATE
                             $L(s_t,a_t) \leftarrow \textsf{FALSE}$ \alsp
The control sequence at the end of the top line
of your error message was never \def'ed. If you have
misspelled it (e.g., `\hobx'), type `I' and the correct
spelling (e.g., `I\hbox'). Otherwise just continue,
and I'll forget about whatever was undefined.

! Undefined control sequence.
l.127             \ENDIF
                        
The control sequence at the end of the top line
of your error message was never \def'ed. If you have
misspelled it (e.g., `\hobx'), type `I' and the correct
spelling (e.g., `I\hbox'). Otherwise just continue,
and I'll forget about whatever was undefined.

! Undefined control sequence.
l.128             \STATE
                         $U(s_t,a_t) \leftarrow 0$ \alsp
The control sequence at the end of the top line
of your error message was never \def'ed. If you have
misspelled it (e.g., `\hobx'), type `I' and the correct
spelling (e.g., `I\hbox'). Otherwise just continue,
and I'll forget about whatever was undefined.

! Undefined control sequence.
l.129             \STATE
                         $C(s_t, a_t) \leftarrow 0$ \alsp
The control sequence at the end of the top line
of your error message was never \def'ed. If you have
misspelled it (e.g., `\hobx'), type `I' and the correct
spelling (e.g., `I\hbox'). Otherwise just continue,
and I'll forget about whatever was undefined.

! Undefined control sequence.
l.130             \STATE
                         $M(s_t, a_t) \leftarrow \min\{\lceil 1.02M(s_t,a_t)...
The control sequence at the end of the top line
of your error message was never \def'ed. If you have
misspelled it (e.g., `\hobx'), type `I' and the correct
spelling (e.g., `I\hbox'). Otherwise just continue,
and I'll forget about whatever was undefined.

! Undefined control sequence.
l.130 ... 1.02M(s_t,a_t)\rceil +1, 500\}$  {\color
                                                  {blue} \alsp //{\texttt{in...
The control sequence at the end of the top line
of your error message was never \def'ed. If you have
misspelled it (e.g., `\hobx'), type `I' and the correct
spelling (e.g., `I\hbox'). Otherwise just continue,
and I'll forget about whatever was undefined.

Missing character: There is no b in font nullfont!
Missing character: There is no l in font nullfont!
Missing character: There is no u in font nullfont!
Missing character: There is no e in font nullfont!
Missing character: There is no / in font nullfont!
Missing character: There is no / in font nullfont!
! Undefined control sequence.
l.131             \STATE
                         $\varepsilon \leftarrow \min \{1.1\varepsilon, \var...
The control sequence at the end of the top line
of your error message was never \def'ed. If you have
misspelled it (e.g., `\hobx'), type `I' and the correct
spelling (e.g., `I\hbox'). Otherwise just continue,
and I'll forget about whatever was undefined.

! Undefined control sequence.
l.131 ...varepsilon_{\mathrm{target}}\}$   {\color
                                                  {blue}  \COMMENT{\texttt{i...
The control sequence at the end of the top line
of your error message was never \def'ed. If you have
misspelled it (e.g., `\hobx'), type `I' and the correct
spelling (e.g., `I\hbox'). Otherwise just continue,
and I'll forget about whatever was undefined.

Missing character: There is no b in font nullfont!
Missing character: There is no l in font nullfont!
Missing character: There is no u in font nullfont!
Missing character: There is no e in font nullfont!
! Undefined control sequence.
l.131 ...hrm{target}}\}$   {\color{blue}  \COMMENT
                                                  {\texttt{increase the thre...
The control sequence at the end of the top line
of your error message was never \def'ed. If you have
misspelled it (e.g., `\hobx'), type `I' and the correct
spelling (e.g., `I\hbox'). Otherwise just continue,
and I'll forget about whatever was undefined.

! Undefined control sequence.
l.132         \ENDIF
                    
The control sequence at the end of the top line
of your error message was never \def'ed. If you have
misspelled it (e.g., `\hobx'), type `I' and the correct
spelling (e.g., `I\hbox'). Otherwise just continue,
and I'll forget about whatever was undefined.

! Undefined control sequence.
l.133     \ENDIF
                
The control sequence at the end of the top line
of your error message was never \def'ed. If you have
misspelled it (e.g., `\hobx'), type `I' and the correct
spelling (e.g., `I\hbox'). Otherwise just continue,
and I'll forget about whatever was undefined.

! Undefined control sequence.
l.134    \ENDFOR
                
The control sequence at the end of the top line
of your error message was never \def'ed. If you have
misspelled it (e.g., `\hobx'), type `I' and the correct
spelling (e.g., `I\hbox'). Otherwise just continue,
and I'll forget about whatever was undefined.


Overfull \hbox (82.15407pt too wide) in paragraph at lines 114--135
[]$\OML/cmm/m/it/10 L\OT1/cmr/m/n/10 (\OML/cmm/m/it/10 s[]; a[]\OT1/cmr/m/n/10 
)$\OT1/cmss/m/n/10 TRUE
 []


Overfull \hbox (47.65529pt too wide) in paragraph at lines 114--135
$\OML/cmm/m/it/10 C\OT1/cmr/m/n/10 (\OML/cmm/m/it/10 s[]; a[]\OT1/cmr/m/n/10 ) 
=
 []


Overfull \hbox (5.00002pt too wide) in paragraph at lines 114--135
\OT1/cmr/m/n/10 0$
 []


Overfull \hbox (50.10182pt too wide) in paragraph at lines 114--135
$\OML/cmm/m/it/10 B\OT1/cmr/m/n/10 (\OML/cmm/m/it/10 s[]; a[]\OT1/cmr/m/n/10 ) 
\OMS/cmsy/m/n/10  
 []


Overfull \hbox (3.61111pt too wide) in paragraph at lines 114--135
\OML/cmm/m/it/10 t$
 []


Overfull \hbox (49.8775pt too wide) in paragraph at lines 114--135
$\OML/cmm/m/it/10 C\OT1/cmr/m/n/10 (\OML/cmm/m/it/10 s[]; a[]\OT1/cmr/m/n/10 ) 
\OMS/cmsy/m/n/10  
 []


Overfull \hbox (44.87758pt too wide) in paragraph at lines 114--135
\OML/cmm/m/it/10 C\OT1/cmr/m/n/10 (\OML/cmm/m/it/10 s[]; a[]\OT1/cmr/m/n/10 ) +

 []


Overfull \hbox (5.00002pt too wide) in paragraph at lines 114--135
\OT1/cmr/m/n/10 1$
 []


Overfull \hbox (49.93304pt too wide) in paragraph at lines 114--135
$\OML/cmm/m/it/10 U\OT1/cmr/m/n/10 (\OML/cmm/m/it/10 s[]; a[]\OT1/cmr/m/n/10 ) 
\OMS/cmsy/m/n/10  
 []


Overfull \hbox (44.93312pt too wide) in paragraph at lines 114--135
\OML/cmm/m/it/10 U\OT1/cmr/m/n/10 (\OML/cmm/m/it/10 s[]; a[]\OT1/cmr/m/n/10 ) +

 []


Overfull \hbox (15.81023pt too wide) in paragraph at lines 114--135
\OML/cmm/m/it/10 r[] \OT1/cmr/m/n/10 +
 []


Overfull \hbox (88.07408pt too wide) in paragraph at lines 114--135
\OML/cmm/m/it/10 ^^M [][] Q\OT1/cmr/m/n/10 (\OML/cmm/m/it/10 s[]; a\OT1/cmr/m/n
/10 )$
 []


Overfull \hbox (47.65529pt too wide) in paragraph at lines 114--135
$\OML/cmm/m/it/10 C\OT1/cmr/m/n/10 (\OML/cmm/m/it/10 s[]; a[]\OT1/cmr/m/n/10 ) 
=
 []


Overfull \hbox (40.02895pt too wide) in paragraph at lines 114--135
\OML/cmm/m/it/10 M\OT1/cmr/m/n/10 (\OML/cmm/m/it/10 s[]; a[]\OT1/cmr/m/n/10 )$
 []


Overfull \hbox (17.60063pt too wide) in paragraph at lines 114--135
$\OML/cmm/m/it/10 q \OMS/cmsy/m/n/10  
 []


Overfull \hbox (81.62872pt too wide) in paragraph at lines 114--135
\OML/cmm/m/it/10 U\OT1/cmr/m/n/10 (\OML/cmm/m/it/10 s[]; a[]\OT1/cmr/m/n/10 )\O
ML/cmm/m/it/10 =M\OT1/cmr/m/n/10 (\OML/cmm/m/it/10 s[]; a[]\OT1/cmr/m/n/10 )$
 []


Overfull \hbox (47.69843pt too wide) in paragraph at lines 114--135
$\OMS/cmsy/m/n/10 j\OML/cmm/m/it/10 Q\OT1/cmr/m/n/10 (\OML/cmm/m/it/10 s[]; a[]
\OT1/cmr/m/n/10 ) \OMS/cmsy/m/n/10 ^^@
 []


Overfull \hbox (18.1562pt too wide) in paragraph at lines 114--135
\OML/cmm/m/it/10 q\OMS/cmsy/m/n/10 j ^^U
 []


Overfull \hbox (4.66318pt too wide) in paragraph at lines 114--135
\OML/cmm/m/it/10 "$
 []


Overfull \hbox (49.92056pt too wide) in paragraph at lines 114--135
$\OML/cmm/m/it/10 Q\OT1/cmr/m/n/10 (\OML/cmm/m/it/10 s[]; a[]\OT1/cmr/m/n/10 ) 
\OMS/cmsy/m/n/10  
 []


Overfull \hbox (4.8229pt too wide) in paragraph at lines 114--135
\OML/cmm/m/it/10 q$
 []


Overfull \hbox (31.49973pt too wide) in paragraph at lines 114--135
\OT1/cmtt/m/n/10 update
 []


Overfull \hbox (10.49991pt too wide) in paragraph at lines 114--135
\OT1/cmtt/m/n/10 if
 []


Overfull \hbox (39.40527pt too wide) in paragraph at lines 114--135
\OML/cmm/m/it/10 Q$\OT1/cmtt/m/n/10 -value
 []


Overfull \hbox (36.74968pt too wide) in paragraph at lines 114--135
\OT1/cmtt/m/n/10 changes
 []


Overfull \hbox (68.2494pt too wide) in paragraph at lines 114--135
\OT1/cmtt/m/n/10 significantly
 []


Overfull \hbox (47.1667pt too wide) in paragraph at lines 114--135
\OML/cmm/m/it/10 t[] \OMS/cmsy/m/n/10  
 []


Overfull \hbox (3.61111pt too wide) in paragraph at lines 114--135
\OML/cmm/m/it/10 t$
 []


Overfull \hbox (47.87961pt too wide) in paragraph at lines 114--135
$\OML/cmm/m/it/10 B\OT1/cmr/m/n/10 (\OML/cmm/m/it/10 s[]; a[]\OT1/cmr/m/n/10 ) 
\OML/cmm/m/it/10 >
 []


Overfull \hbox (34.38898pt too wide) in paragraph at lines 114--135
\OML/cmm/m/it/10 t[]$
 []


Overfull \hbox (48.82059pt too wide) in paragraph at lines 114--135
$\OML/cmm/m/it/10 L\OT1/cmr/m/n/10 (\OML/cmm/m/it/10 s[]; a[]\OT1/cmr/m/n/10 ) 
\OMS/cmsy/m/n/10  
 []


Overfull \hbox (28.4723pt too wide) in paragraph at lines 114--135
[]$
 []


Overfull \hbox (49.93304pt too wide) in paragraph at lines 114--135
$\OML/cmm/m/it/10 U\OT1/cmr/m/n/10 (\OML/cmm/m/it/10 s[]; a[]\OT1/cmr/m/n/10 ) 
\OMS/cmsy/m/n/10  
 []


Overfull \hbox (5.00002pt too wide) in paragraph at lines 114--135
\OT1/cmr/m/n/10 0$
 []


Overfull \hbox (49.8775pt too wide) in paragraph at lines 114--135
$\OML/cmm/m/it/10 C\OT1/cmr/m/n/10 (\OML/cmm/m/it/10 s[]; a[]\OT1/cmr/m/n/10 ) 
\OMS/cmsy/m/n/10  
 []


Overfull \hbox (5.00002pt too wide) in paragraph at lines 114--135
\OT1/cmr/m/n/10 0$
 []


Overfull \hbox (52.80667pt too wide) in paragraph at lines 114--135
$\OML/cmm/m/it/10 M\OT1/cmr/m/n/10 (\OML/cmm/m/it/10 s[]; a[]\OT1/cmr/m/n/10 ) 
\OMS/cmsy/m/n/10  
 []


Overfull \hbox (96.1402pt too wide) in paragraph at lines 114--135
[]\OMS/cmsy/m/n/10 fd\OT1/cmr/m/n/10 1\OML/cmm/m/it/10 :\OT1/cmr/m/n/10 02\OML/
cmm/m/it/10 M\OT1/cmr/m/n/10 (\OML/cmm/m/it/10 s[]; a[]\OT1/cmr/m/n/10 )\OMS/cm
sy/m/n/10 e \OT1/cmr/m/n/10 +
 []


Overfull \hbox (29.44449pt too wide) in paragraph at lines 114--135
\OT1/cmr/m/n/10 1\OML/cmm/m/it/10 ; \OT1/cmr/m/n/10 500\OMS/cmsy/m/n/10 g$
 []


Overfull \hbox (41.99963pt too wide) in paragraph at lines 114--135
\OT1/cmtt/m/n/10 increase
 []


Overfull \hbox (26.24977pt too wide) in paragraph at lines 114--135
\OT1/cmtt/m/n/10 batch
 []


Overfull \hbox (20.99982pt too wide) in paragraph at lines 114--135
\OT1/cmtt/m/n/10 size
 []


Overfull \hbox (17.4409pt too wide) in paragraph at lines 114--135
\OML/cmm/m/it/10 " \OMS/cmsy/m/n/10  
 []


Overfull \hbox (74.61821pt too wide) in paragraph at lines 114--135
[]\OMS/cmsy/m/n/10 f\OT1/cmr/m/n/10 1\OML/cmm/m/it/10 :\OT1/cmr/m/n/10 1\OML/cm
m/m/it/10 "; "[]\OMS/cmsy/m/n/10 g$
 []


Overfull \hbox (41.99963pt too wide) in paragraph at lines 114--135
\OT1/cmtt/m/n/10 increase
 []


Overfull \hbox (15.74986pt too wide) in paragraph at lines 114--135
\OT1/cmtt/m/n/10 the
 []


Overfull \hbox (47.24959pt too wide) in paragraph at lines 114--135
\OT1/cmtt/m/n/10 threshold 
 []


! LaTeX Error: The font size command \normalsize is not defined:
               there is probably something wrong with the class file.

See the LaTeX manual or LaTeX Companion for explanation.
Type  H <return>  for immediate help.
 ...                                              
                                                  
l.135 
      
Your command was ignored.
Type  I <command> <return>  to replace it with another command,
or  <return>  to continue without it.

[1
! Undefined control sequence.
<write> \newlabel{alg:alg1}{{}{\thepage 
                                        }}
l.135 
      
The control sequence at the end of the top line
of your error message was never \def'ed. If you have
misspelled it (e.g., `\hobx'), type `I' and the correct
spelling (e.g., `I\hbox'). Otherwise just continue,
and I'll forget about whatever was undefined.

\newlabel{alg:alg1}{{}{}}
]

! LaTeX Error: \begin{document} ended by \end{algorithmic}.

See the LaTeX manual or LaTeX Companion for explanation.
Type  H <return>  for immediate help.
 ...                                              
                                                  
l.136 \end{algorithmic}
                       
Your command was ignored.
Type  I <command> <return>  to replace it with another command,
or  <return>  to continue without it.


! LaTeX Error: \begin{document} ended by \end{algorithm}.

See the LaTeX manual or LaTeX Companion for explanation.
Type  H <return>  for immediate help.
 ...                                              
                                                  
l.137 \end{algorithm}
                     
Your command was ignored.
Type  I <command> <return>  to replace it with another command,
or  <return>  to continue without it.

)
! Emergency stop.
<*> algo1.tex
             
*** (job aborted, no legal \end found)

 
Here is how much of TeX's memory you used:
 136 strings out of 494911
 959 string characters out of 6179862
 51320 words of memory out of 5000000
 3524 multiletter control sequences out of 15000+600000
 4414 words of font info for 17 fonts, out of 8000000 for 9000
 36 hyphenation exceptions out of 8191
 18i,5n,13p,186b,132s stack positions out of 5000i,500n,10000p,200000b,80000s
Output written on algo1.dvi (1 page, 2960 bytes).
